[2017-10-12 13:03:41] local.ERROR: exception 'PDOException' with message 'SQLSTATE[HY000] [1045] Access denied for user 'homestead'@'localhost' (using password: YES)' in /Applications/MAMP/htdocs/weather/vendor/laravel/framework/src/Illuminate/Database/Connectors/Connector.php:68
Stack trace:
#0 /Applications/MAMP/htdocs/weather/vendor/laravel/framework/src/Illuminate/Database/Connectors/Connector.php(68): PDO->__construct('mysql:unix_sock...', 'homestead', 'secret', Array)
#1 /Applications/MAMP/htdocs/weather/vendor/laravel/framework/src/Illuminate/Database/Connectors/Connector.php(45): Illuminate\Database\Connectors\Connector->createPdoConnection('mysql:unix_sock...', 'homestead', 'secret', Array)
#2 /Applications/MAMP/htdocs/weather/vendor/laravel/framework/src/Illuminate/Database/Connectors/MySqlConnector.php(24): Illuminate\Database\Connectors\Connector->createConnection('mysql:unix_sock...', Array, Array)
#3 /Applications/MAMP/htdocs/weather/vendor/laravel/framework/src/Illuminate/Database/Connectors/ConnectionFactory.php(183): Illuminate\Database\Connectors\MySqlConnector->connect(Array)
#4 [internal function]: Illuminate\Database\Connectors\ConnectionFactory->Illuminate\Database\Connectors\{closure}()
#5 /Applications/MAMP/htdocs/weather/vendor/laravel/framework/src/Illuminate/Database/Connection.php(883): call_user_func(Object(Closure))
#6 /Applications/MAMP/htdocs/weather/vendor/laravel/framework/src/Illuminate/Database/Connection.php(445): Illuminate\Database\Connection->getPdo()
#7 /Applications/MAMP/htdocs/weather/vendor/laravel/framework/src/Illuminate/Database/Connection.php(640): Illuminate\Database\Connection->Illuminate\Database\{closure}('create table `m...', Array)
#8 /Applications/MAMP/htdocs/weather/vendor/laravel/framework/src/Illuminate/Database/Connection.php(607): Illuminate\Database\Connection->runQueryCallback('create table `m...', Array, Object(Closure))
#9 /Applications/MAMP/htdocs/weather/vendor/laravel/framework/src/Illuminate/Database/Connection.php(450): Illuminate\Database\Connection->run('create table `m...', Array, Object(Closure))
#10 /Applications/MAMP/htdocs/weather/vendor/laravel/framework/src/Illuminate/Database/Schema/Blueprint.php(86): Illuminate\Database\Connection->statement('create table `m...')
#11 /Applications/MAMP/htdocs/weather/vendor/laravel/framework/src/Illuminate/Database/Schema/Builder.php(239): Illuminate\Database\Schema\Blueprint->build(Object(Illuminate\Database\MySqlConnection), Object(Illuminate\Database\Schema\Grammars\MySqlGrammar))
#12 /Applications/MAMP/htdocs/weather/vendor/laravel/framework/src/Illuminate/Database/Schema/Builder.php(164): Illuminate\Database\Schema\Builder->build(Object(Illuminate\Database\Schema\Blueprint))
#13 /Applications/MAMP/htdocs/weather/vendor/laravel/framework/src/Illuminate/Database/Migrations/DatabaseMigrationRepository.php(142): Illuminate\Database\Schema\Builder->create('migrations', Object(Closure))
#14 /Applications/MAMP/htdocs/weather/vendor/laravel/framework/src/Illuminate/Database/Console/Migrations/InstallCommand.php(54): Illuminate\Database\Migrations\DatabaseMigrationRepository->createRepository()
#15 [internal function]: Illuminate\Database\Console\Migrations\InstallCommand->fire()
#16 /Applications/MAMP/htdocs/weather/vendor/laravel/framework/src/Illuminate/Container/BoundMethod.php(30): call_user_func_array(Array, Array)
#17 /Applications/MAMP/htdocs/weather/vendor/laravel/framework/src/Illuminate/Container/BoundMethod.php(87): Illuminate\Container\BoundMethod::Illuminate\Container\{closure}()
#18 /Applications/MAMP/htdocs/weather/vendor/laravel/framework/src/Illuminate/Container/BoundMethod.php(31): Illuminate\Container\BoundMethod::callBoundMethod(Object(Illuminate\Foundation\Application), Array, Object(Closure))
#19 /Applications/MAMP/htdocs/weather/vendor/laravel/framework/src/Illuminate/Container/Container.php(539): Illuminate\Container\BoundMethod::call(Object(Illuminate\Foundation\Application), Array, Array, NULL)
#20 /Applications/MAMP/htdocs/weather/vendor/laravel/framework/src/Illuminate/Console/Command.php(182): Illuminate\Container\Container->call(Array)
#21 /Applications/MAMP/htdocs/weather/vendor/symfony/console/Command/Command.php(262): Illuminate\Console\Command->execute(Object(Symfony\Component\Console\Input\ArgvInput), Object(Illuminate\Console\OutputStyle))
#22 /Applications/MAMP/htdocs/weather/vendor/laravel/framework/src/Illuminate/Console/Command.php(168): Symfony\Component\Console\Command\Command->run(Object(Symfony\Component\Console\Input\ArgvInput), Object(Illuminate\Console\OutputStyle))
#23 /Applications/MAMP/htdocs/weather/vendor/symfony/console/Application.php(888): Illuminate\Console\Command->run(Object(Symfony\Component\Console\Input\ArgvInput), Object(Symfony\Component\Console\Output\ConsoleOutput))
#24 /Applications/MAMP/htdocs/weather/vendor/symfony/console/Application.php(224): Symfony\Component\Console\Application->doRunCommand(Object(Illuminate\Database\Console\Migrations\InstallCommand), Object(Symfony\Component\Console\Input\ArgvInput), Object(Symfony\Component\Console\Output\ConsoleOutput))
#25 /Applications/MAMP/htdocs/weather/vendor/symfony/console/Application.php(125): Symfony\Component\Console\Application->doRun(Object(Symfony\Component\Console\Input\ArgvInput), Object(Symfony\Component\Console\Output\ConsoleOutput))
#26 /Applications/MAMP/htdocs/weather/vendor/laravel/framework/src/Illuminate/Foundation/Console/Kernel.php(122): Symfony\Component\Console\Application->run(Object(Symfony\Component\Console\Input\ArgvInput), Object(Symfony\Component\Console\Output\ConsoleOutput))
#27 /Applications/MAMP/htdocs/weather/artisan(36): Illuminate\Foundation\Console\Kernel->handle(Object(Symfony\Component\Console\Input\ArgvInput), Object(Symfony\Component\Console\Output\ConsoleOutput))
#28 {main}  
[2017-10-12 13:03:41] local.ERROR: exception 'PDOException' with message 'SQLSTATE[HY000] [1045] Access denied for user 'homestead'@'localhost' (using password: YES)' in /Applications/MAMP/htdocs/weather/vendor/laravel/framework/src/Illuminate/Database/Connectors/Connector.php:68
Stack trace:
#0 /Applications/MAMP/htdocs/weather/vendor/laravel/framework/src/Illuminate/Database/Connectors/Connector.php(68): PDO->__construct('mysql:unix_sock...', 'homestead', 'secret', Array)
#1 /Applications/MAMP/htdocs/weather/vendor/laravel/framework/src/Illuminate/Database/Connectors/Connector.php(45): Illuminate\Database\Connectors\Connector->createPdoConnection('mysql:unix_sock...', 'homestead', 'secret', Array)
#2 /Applications/MAMP/htdocs/weather/vendor/laravel/framework/src/Illuminate/Database/Connectors/MySqlConnector.php(24): Illuminate\Database\Connectors\Connector->createConnection('mysql:unix_sock...', Array, Array)
#3 /Applications/MAMP/htdocs/weather/vendor/laravel/framework/src/Illuminate/Database/Connectors/ConnectionFactory.php(183): Illuminate\Database\Connectors\MySqlConnector->connect(Array)
#4 [internal function]: Illuminate\Database\Connectors\ConnectionFactory->Illuminate\Database\Connectors\{closure}()
#5 /Applications/MAMP/htdocs/weather/vendor/laravel/framework/src/Illuminate/Database/Connection.php(883): call_user_func(Object(Closure))
#6 /Applications/MAMP/htdocs/weather/vendor/laravel/framework/src/Illuminate/Database/Connection.php(445): Illuminate\Database\Connection->getPdo()
#7 /Applications/MAMP/htdocs/weather/vendor/laravel/framework/src/Illuminate/Database/Connection.php(640): Illuminate\Database\Connection->Illuminate\Database\{closure}('create table `m...', Array)
#8 /Applications/MAMP/htdocs/weather/vendor/laravel/framework/src/Illuminate/Database/Connection.php(607): Illuminate\Database\Connection->runQueryCallback('create table `m...', Array, Object(Closure))
#9 /Applications/MAMP/htdocs/weather/vendor/laravel/framework/src/Illuminate/Database/Connection.php(450): Illuminate\Database\Connection->run('create table `m...', Array, Object(Closure))
#10 /Applications/MAMP/htdocs/weather/vendor/laravel/framework/src/Illuminate/Database/Schema/Blueprint.php(86): Illuminate\Database\Connection->statement('create table `m...')
#11 /Applications/MAMP/htdocs/weather/vendor/laravel/framework/src/Illuminate/Database/Schema/Builder.php(239): Illuminate\Database\Schema\Blueprint->build(Object(Illuminate\Database\MySqlConnection), Object(Illuminate\Database\Schema\Grammars\MySqlGrammar))
#12 /Applications/MAMP/htdocs/weather/vendor/laravel/framework/src/Illuminate/Database/Schema/Builder.php(164): Illuminate\Database\Schema\Builder->build(Object(Illuminate\Database\Schema\Blueprint))
#13 /Applications/MAMP/htdocs/weather/vendor/laravel/framework/src/Illuminate/Database/Migrations/DatabaseMigrationRepository.php(142): Illuminate\Database\Schema\Builder->create('migrations', Object(Closure))
#14 /Applications/MAMP/htdocs/weather/vendor/laravel/framework/src/Illuminate/Database/Console/Migrations/InstallCommand.php(54): Illuminate\Database\Migrations\DatabaseMigrationRepository->createRepository()
#15 [internal function]: Illuminate\Database\Console\Migrations\InstallCommand->fire()
#16 /Applications/MAMP/htdocs/weather/vendor/laravel/framework/src/Illuminate/Container/BoundMethod.php(30): call_user_func_array(Array, Array)
#17 /Applications/MAMP/htdocs/weather/vendor/laravel/framework/src/Illuminate/Container/BoundMethod.php(87): Illuminate\Container\BoundMethod::Illuminate\Container\{closure}()
#18 /Applications/MAMP/htdocs/weather/vendor/laravel/framework/src/Illuminate/Container/BoundMethod.php(31): Illuminate\Container\BoundMethod::callBoundMethod(Object(Illuminate\Foundation\Application), Array, Object(Closure))
#19 /Applications/MAMP/htdocs/weather/vendor/laravel/framework/src/Illuminate/Container/Container.php(539): Illuminate\Container\BoundMethod::call(Object(Illuminate\Foundation\Application), Array, Array, NULL)
#20 /Applications/MAMP/htdocs/weather/vendor/laravel/framework/src/Illuminate/Console/Command.php(182): Illuminate\Container\Container->call(Array)
#21 /Applications/MAMP/htdocs/weather/vendor/symfony/console/Command/Command.php(262): Illuminate\Console\Command->execute(Object(Symfony\Component\Console\Input\ArgvInput), Object(Illuminate\Console\OutputStyle))
#22 /Applications/MAMP/htdocs/weather/vendor/laravel/framework/src/Illuminate/Console/Command.php(168): Symfony\Component\Console\Command\Command->run(Object(Symfony\Component\Console\Input\ArgvInput), Object(Illuminate\Console\OutputStyle))
#23 /Applications/MAMP/htdocs/weather/vendor/symfony/console/Application.php(888): Illuminate\Console\Command->run(Object(Symfony\Component\Console\Input\ArgvInput), Object(Symfony\Component\Console\Output\ConsoleOutput))
#24 /Applications/MAMP/htdocs/weather/vendor/symfony/console/Application.php(224): Symfony\Component\Console\Application->doRunCommand(Object(Illuminate\Database\Console\Migrations\InstallCommand), Object(Symfony\Component\Console\Input\ArgvInput), Object(Symfony\Component\Console\Output\ConsoleOutput))
#25 /Applications/MAMP/htdocs/weather/vendor/symfony/console/Application.php(125): Symfony\Component\Console\Application->doRun(Object(Symfony\Component\Console\Input\ArgvInput), Object(Symfony\Component\Console\Output\ConsoleOutput))
#26 /Applications/MAMP/htdocs/weather/vendor/laravel/framework/src/Illuminate/Foundation/Console/Kernel.php(122): Symfony\Component\Console\Application->run(Object(Symfony\Component\Console\Input\ArgvInput), Object(Symfony\Component\Console\Output\ConsoleOutput))
#27 /Applications/MAMP/htdocs/weather/artisan(36): Illuminate\Foundation\Console\Kernel->handle(Object(Symfony\Component\Console\Input\ArgvInput), Object(Symfony\Component\Console\Output\ConsoleOutput))
#28 {main}

Next exception 'Illuminate\Database\QueryException' with message 'SQLSTATE[HY000] [1045] Access denied for user 'homestead'@'localhost' (using password: YES) (SQL: create table `migrations` (`id` int unsigned not null auto_increment primary key, `migration` varchar(255) not null, `batch` int not null) default character set utf8mb4 collate utf8_general_ci)' in /Applications/MAMP/htdocs/weather/vendor/laravel/framework/src/Illuminate/Database/Connection.php:647
Stack trace:
#0 /Applications/MAMP/htdocs/weather/vendor/laravel/framework/src/Illuminate/Database/Connection.php(607): Illuminate\Database\Connection->runQueryCallback('create table `m...', Array, Object(Closure))
#1 /Applications/MAMP/htdocs/weather/vendor/laravel/framework/src/Illuminate/Database/Connection.php(450): Illuminate\Database\Connection->run('create table `m...', Array, Object(Closure))
#2 /Applications/MAMP/htdocs/weather/vendor/laravel/framework/src/Illuminate/Database/Schema/Blueprint.php(86): Illuminate\Database\Connection->statement('create table `m...')
#3 /Applications/MAMP/htdocs/weather/vendor/laravel/framework/src/Illuminate/Database/Schema/Builder.php(239): Illuminate\Database\Schema\Blueprint->build(Object(Illuminate\Database\MySqlConnection), Object(Illuminate\Database\Schema\Grammars\MySqlGrammar))
#4 /Applications/MAMP/htdocs/weather/vendor/laravel/framework/src/Illuminate/Database/Schema/Builder.php(164): Illuminate\Database\Schema\Builder->build(Object(Illuminate\Database\Schema\Blueprint))
#5 /Applications/MAMP/htdocs/weather/vendor/laravel/framework/src/Illuminate/Database/Migrations/DatabaseMigrationRepository.php(142): Illuminate\Database\Schema\Builder->create('migrations', Object(Closure))
#6 /Applications/MAMP/htdocs/weather/vendor/laravel/framework/src/Illuminate/Database/Console/Migrations/InstallCommand.php(54): Illuminate\Database\Migrations\DatabaseMigrationRepository->createRepository()
#7 [internal function]: Illuminate\Database\Console\Migrations\InstallCommand->fire()
#8 /Applications/MAMP/htdocs/weather/vendor/laravel/framework/src/Illuminate/Container/BoundMethod.php(30): call_user_func_array(Array, Array)
#9 /Applications/MAMP/htdocs/weather/vendor/laravel/framework/src/Illuminate/Container/BoundMethod.php(87): Illuminate\Container\BoundMethod::Illuminate\Container\{closure}()
#10 /Applications/MAMP/htdocs/weather/vendor/laravel/framework/src/Illuminate/Container/BoundMethod.php(31): Illuminate\Container\BoundMethod::callBoundMethod(Object(Illuminate\Foundation\Application), Array, Object(Closure))
#11 /Applications/MAMP/htdocs/weather/vendor/laravel/framework/src/Illuminate/Container/Container.php(539): Illuminate\Container\BoundMethod::call(Object(Illuminate\Foundation\Application), Array, Array, NULL)
#12 /Applications/MAMP/htdocs/weather/vendor/laravel/framework/src/Illuminate/Console/Command.php(182): Illuminate\Container\Container->call(Array)
#13 /Applications/MAMP/htdocs/weather/vendor/symfony/console/Command/Command.php(262): Illuminate\Console\Command->execute(Object(Symfony\Component\Console\Input\ArgvInput), Object(Illuminate\Console\OutputStyle))
#14 /Applications/MAMP/htdocs/weather/vendor/laravel/framework/src/Illuminate/Console/Command.php(168): Symfony\Component\Console\Command\Command->run(Object(Symfony\Component\Console\Input\ArgvInput), Object(Illuminate\Console\OutputStyle))
#15 /Applications/MAMP/htdocs/weather/vendor/symfony/console/Application.php(888): Illuminate\Console\Command->run(Object(Symfony\Component\Console\Input\ArgvInput), Object(Symfony\Component\Console\Output\ConsoleOutput))
#16 /Applications/MAMP/htdocs/weather/vendor/symfony/console/Application.php(224): Symfony\Component\Console\Application->doRunCommand(Object(Illuminate\Database\Console\Migrations\InstallCommand), Object(Symfony\Component\Console\Input\ArgvInput), Object(Symfony\Component\Console\Output\ConsoleOutput))
#17 /Applications/MAMP/htdocs/weather/vendor/symfony/console/Application.php(125): Symfony\Component\Console\Application->doRun(Object(Symfony\Component\Console\Input\ArgvInput), Object(Symfony\Component\Console\Output\ConsoleOutput))
#18 /Applications/MAMP/htdocs/weather/vendor/laravel/framework/src/Illuminate/Foundation/Console/Kernel.php(122): Symfony\Component\Console\Application->run(Object(Symfony\Component\Console\Input\ArgvInput), Object(Symfony\Component\Console\Output\ConsoleOutput))
#19 /Applications/MAMP/htdocs/weather/artisan(36): Illuminate\Foundation\Console\Kernel->handle(Object(Symfony\Component\Console\Input\ArgvInput), Object(Symfony\Component\Console\Output\ConsoleOutput))
#20 {main}  
[2017-10-12 13:07:44] local.ERROR: exception 'PDOException' with message 'SQLSTATE[42000]: Syntax error or access violation: 1071 Specified key was too long; max key length is 767 bytes' in /Applications/MAMP/htdocs/weather/vendor/laravel/framework/src/Illuminate/Database/Connection.php:449
Stack trace:
#0 /Applications/MAMP/htdocs/weather/vendor/laravel/framework/src/Illuminate/Database/Connection.php(449): PDOStatement->execute()
#1 /Applications/MAMP/htdocs/weather/vendor/laravel/framework/src/Illuminate/Database/Connection.php(640): Illuminate\Database\Connection->Illuminate\Database\{closure}('alter table `us...', Array)
#2 /Applications/MAMP/htdocs/weather/vendor/laravel/framework/src/Illuminate/Database/Connection.php(607): Illuminate\Database\Connection->runQueryCallback('alter table `us...', Array, Object(Closure))
#3 /Applications/MAMP/htdocs/weather/vendor/laravel/framework/src/Illuminate/Database/Connection.php(450): Illuminate\Database\Connection->run('alter table `us...', Array, Object(Closure))
#4 /Applications/MAMP/htdocs/weather/vendor/laravel/framework/src/Illuminate/Database/Schema/Blueprint.php(86): Illuminate\Database\Connection->statement('alter table `us...')
#5 /Applications/MAMP/htdocs/weather/vendor/laravel/framework/src/Illuminate/Database/Schema/Builder.php(239): Illuminate\Database\Schema\Blueprint->build(Object(Illuminate\Database\MySqlConnection), Object(Illuminate\Database\Schema\Grammars\MySqlGrammar))
#6 /Applications/MAMP/htdocs/weather/vendor/laravel/framework/src/Illuminate/Database/Schema/Builder.php(164): Illuminate\Database\Schema\Builder->build(Object(Illuminate\Database\Schema\Blueprint))
#7 /Applications/MAMP/htdocs/weather/vendor/laravel/framework/src/Illuminate/Support/Facades/Facade.php(221): Illuminate\Database\Schema\Builder->create('users', Object(Closure))
#8 /Applications/MAMP/htdocs/weather/database/migrations/2014_10_12_000000_create_users_table.php(23): Illuminate\Support\Facades\Facade::__callStatic('create', Array)
#9 /Applications/MAMP/htdocs/weather/database/migrations/2014_10_12_000000_create_users_table.php(23): Illuminate\Support\Facades\Schema::create('users', Object(Closure))
#10 /Applications/MAMP/htdocs/weather/vendor/laravel/framework/src/Illuminate/Database/Migrations/Migrator.php(359): CreateUsersTable->up()
#11 /Applications/MAMP/htdocs/weather/vendor/laravel/framework/src/Illuminate/Database/Migrations/Migrator.php(365): Illuminate\Database\Migrations\Migrator->Illuminate\Database\Migrations\{closure}()
#12 /Applications/MAMP/htdocs/weather/vendor/laravel/framework/src/Illuminate/Database/Migrations/Migrator.php(177): Illuminate\Database\Migrations\Migrator->runMigration(Object(CreateUsersTable), 'up')
#13 /Applications/MAMP/htdocs/weather/vendor/laravel/framework/src/Illuminate/Database/Migrations/Migrator.php(146): Illuminate\Database\Migrations\Migrator->runUp('/Applications/M...', 1, false)
#14 /Applications/MAMP/htdocs/weather/vendor/laravel/framework/src/Illuminate/Database/Migrations/Migrator.php(95): Illuminate\Database\Migrations\Migrator->runPending(Array, Array)
#15 /Applications/MAMP/htdocs/weather/vendor/laravel/framework/src/Illuminate/Database/Console/Migrations/MigrateCommand.php(70): Illuminate\Database\Migrations\Migrator->run(Array, Array)
#16 [internal function]: Illuminate\Database\Console\Migrations\MigrateCommand->fire()
#17 /Applications/MAMP/htdocs/weather/vendor/laravel/framework/src/Illuminate/Container/BoundMethod.php(30): call_user_func_array(Array, Array)
#18 /Applications/MAMP/htdocs/weather/vendor/laravel/framework/src/Illuminate/Container/BoundMethod.php(87): Illuminate\Container\BoundMethod::Illuminate\Container\{closure}()
#19 /Applications/MAMP/htdocs/weather/vendor/laravel/framework/src/Illuminate/Container/BoundMethod.php(31): Illuminate\Container\BoundMethod::callBoundMethod(Object(Illuminate\Foundation\Application), Array, Object(Closure))
#20 /Applications/MAMP/htdocs/weather/vendor/laravel/framework/src/Illuminate/Container/Container.php(539): Illuminate\Container\BoundMethod::call(Object(Illuminate\Foundation\Application), Array, Array, NULL)
#21 /Applications/MAMP/htdocs/weather/vendor/laravel/framework/src/Illuminate/Console/Command.php(182): Illuminate\Container\Container->call(Array)
#22 /Applications/MAMP/htdocs/weather/vendor/symfony/console/Command/Command.php(262): Illuminate\Console\Command->execute(Object(Symfony\Component\Console\Input\ArrayInput), Object(Illuminate\Console\OutputStyle))
#23 /Applications/MAMP/htdocs/weather/vendor/laravel/framework/src/Illuminate/Console/Command.php(168): Symfony\Component\Console\Command\Command->run(Object(Symfony\Component\Console\Input\ArrayInput), Object(Illuminate\Console\OutputStyle))
#24 /Applications/MAMP/htdocs/weather/vendor/laravel/framework/src/Illuminate/Console/Command.php(198): Illuminate\Console\Command->run(Object(Symfony\Component\Console\Input\ArrayInput), Object(Illuminate\Console\OutputStyle))
#25 /Applications/MAMP/htdocs/weather/vendor/laravel/framework/src/Illuminate/Database/Console/Migrations/RefreshCommand.php(65): Illuminate\Console\Command->call('migrate', Array)
#26 [internal function]: Illuminate\Database\Console\Migrations\RefreshCommand->fire()
#27 /Applications/MAMP/htdocs/weather/vendor/laravel/framework/src/Illuminate/Container/BoundMethod.php(30): call_user_func_array(Array, Array)
#28 /Applications/MAMP/htdocs/weather/vendor/laravel/framework/src/Illuminate/Container/BoundMethod.php(87): Illuminate\Container\BoundMethod::Illuminate\Container\{closure}()
#29 /Applications/MAMP/htdocs/weather/vendor/laravel/framework/src/Illuminate/Container/BoundMethod.php(31): Illuminate\Container\BoundMethod::callBoundMethod(Object(Illuminate\Foundation\Application), Array, Object(Closure))
#30 /Applications/MAMP/htdocs/weather/vendor/laravel/framework/src/Illuminate/Container/Container.php(539): Illuminate\Container\BoundMethod::call(Object(Illuminate\Foundation\Application), Array, Array, NULL)
#31 /Applications/MAMP/htdocs/weather/vendor/laravel/framework/src/Illuminate/Console/Command.php(182): Illuminate\Container\Container->call(Array)
#32 /Applications/MAMP/htdocs/weather/vendor/symfony/console/Command/Command.php(262): Illuminate\Console\Command->execute(Object(Symfony\Component\Console\Input\ArgvInput), Object(Illuminate\Console\OutputStyle))
#33 /Applications/MAMP/htdocs/weather/vendor/laravel/framework/src/Illuminate/Console/Command.php(168): Symfony\Component\Console\Command\Command->run(Object(Symfony\Component\Console\Input\ArgvInput), Object(Illuminate\Console\OutputStyle))
#34 /Applications/MAMP/htdocs/weather/vendor/symfony/console/Application.php(888): Illuminate\Console\Command->run(Object(Symfony\Component\Console\Input\ArgvInput), Object(Symfony\Component\Console\Output\ConsoleOutput))
#35 /Applications/MAMP/htdocs/weather/vendor/symfony/console/Application.php(224): Symfony\Component\Console\Application->doRunCommand(Object(Illuminate\Database\Console\Migrations\RefreshCommand), Object(Symfony\Component\Console\Input\ArgvInput), Object(Symfony\Component\Console\Output\ConsoleOutput))
#36 /Applications/MAMP/htdocs/weather/vendor/symfony/console/Application.php(125): Symfony\Component\Console\Application->doRun(Object(Symfony\Component\Console\Input\ArgvInput), Object(Symfony\Component\Console\Output\ConsoleOutput))
#37 /Applications/MAMP/htdocs/weather/vendor/laravel/framework/src/Illuminate/Foundation/Console/Kernel.php(122): Symfony\Component\Console\Application->run(Object(Symfony\Component\Console\Input\ArgvInput), Object(Symfony\Component\Console\Output\ConsoleOutput))
#38 /Applications/MAMP/htdocs/weather/artisan(36): Illuminate\Foundation\Console\Kernel->handle(Object(Symfony\Component\Console\Input\ArgvInput), Object(Symfony\Component\Console\Output\ConsoleOutput))
#39 {main}

Next exception 'Illuminate\Database\QueryException' with message 'SQLSTATE[42000]: Syntax error or access violation: 1071 Specified key was too long; max key length is 767 bytes (SQL: alter table `users` add unique `users_email_unique`(`email`))' in /Applications/MAMP/htdocs/weather/vendor/laravel/framework/src/Illuminate/Database/Connection.php:647
Stack trace:
#0 /Applications/MAMP/htdocs/weather/vendor/laravel/framework/src/Illuminate/Database/Connection.php(607): Illuminate\Database\Connection->runQueryCallback('alter table `us...', Array, Object(Closure))
#1 /Applications/MAMP/htdocs/weather/vendor/laravel/framework/src/Illuminate/Database/Connection.php(450): Illuminate\Database\Connection->run('alter table `us...', Array, Object(Closure))
#2 /Applications/MAMP/htdocs/weather/vendor/laravel/framework/src/Illuminate/Database/Schema/Blueprint.php(86): Illuminate\Database\Connection->statement('alter table `us...')
#3 /Applications/MAMP/htdocs/weather/vendor/laravel/framework/src/Illuminate/Database/Schema/Builder.php(239): Illuminate\Database\Schema\Blueprint->build(Object(Illuminate\Database\MySqlConnection), Object(Illuminate\Database\Schema\Grammars\MySqlGrammar))
#4 /Applications/MAMP/htdocs/weather/vendor/laravel/framework/src/Illuminate/Database/Schema/Builder.php(164): Illuminate\Database\Schema\Builder->build(Object(Illuminate\Database\Schema\Blueprint))
#5 /Applications/MAMP/htdocs/weather/vendor/laravel/framework/src/Illuminate/Support/Facades/Facade.php(221): Illuminate\Database\Schema\Builder->create('users', Object(Closure))
#6 /Applications/MAMP/htdocs/weather/database/migrations/2014_10_12_000000_create_users_table.php(23): Illuminate\Support\Facades\Facade::__callStatic('create', Array)
#7 /Applications/MAMP/htdocs/weather/database/migrations/2014_10_12_000000_create_users_table.php(23): Illuminate\Support\Facades\Schema::create('users', Object(Closure))
#8 /Applications/MAMP/htdocs/weather/vendor/laravel/framework/src/Illuminate/Database/Migrations/Migrator.php(359): CreateUsersTable->up()
#9 /Applications/MAMP/htdocs/weather/vendor/laravel/framework/src/Illuminate/Database/Migrations/Migrator.php(365): Illuminate\Database\Migrations\Migrator->Illuminate\Database\Migrations\{closure}()
#10 /Applications/MAMP/htdocs/weather/vendor/laravel/framework/src/Illuminate/Database/Migrations/Migrator.php(177): Illuminate\Database\Migrations\Migrator->runMigration(Object(CreateUsersTable), 'up')
#11 /Applications/MAMP/htdocs/weather/vendor/laravel/framework/src/Illuminate/Database/Migrations/Migrator.php(146): Illuminate\Database\Migrations\Migrator->runUp('/Applications/M...', 1, false)
#12 /Applications/MAMP/htdocs/weather/vendor/laravel/framework/src/Illuminate/Database/Migrations/Migrator.php(95): Illuminate\Database\Migrations\Migrator->runPending(Array, Array)
#13 /Applications/MAMP/htdocs/weather/vendor/laravel/framework/src/Illuminate/Database/Console/Migrations/MigrateCommand.php(70): Illuminate\Database\Migrations\Migrator->run(Array, Array)
#14 [internal function]: Illuminate\Database\Console\Migrations\MigrateCommand->fire()
#15 /Applications/MAMP/htdocs/weather/vendor/laravel/framework/src/Illuminate/Container/BoundMethod.php(30): call_user_func_array(Array, Array)
#16 /Applications/MAMP/htdocs/weather/vendor/laravel/framework/src/Illuminate/Container/BoundMethod.php(87): Illuminate\Container\BoundMethod::Illuminate\Container\{closure}()
#17 /Applications/MAMP/htdocs/weather/vendor/laravel/framework/src/Illuminate/Container/BoundMethod.php(31): Illuminate\Container\BoundMethod::callBoundMethod(Object(Illuminate\Foundation\Application), Array, Object(Closure))
#18 /Applications/MAMP/htdocs/weather/vendor/laravel/framework/src/Illuminate/Container/Container.php(539): Illuminate\Container\BoundMethod::call(Object(Illuminate\Foundation\Application), Array, Array, NULL)
#19 /Applications/MAMP/htdocs/weather/vendor/laravel/framework/src/Illuminate/Console/Command.php(182): Illuminate\Container\Container->call(Array)
#20 /Applications/MAMP/htdocs/weather/vendor/symfony/console/Command/Command.php(262): Illuminate\Console\Command->execute(Object(Symfony\Component\Console\Input\ArrayInput), Object(Illuminate\Console\OutputStyle))
#21 /Applications/MAMP/htdocs/weather/vendor/laravel/framework/src/Illuminate/Console/Command.php(168): Symfony\Component\Console\Command\Command->run(Object(Symfony\Component\Console\Input\ArrayInput), Object(Illuminate\Console\OutputStyle))
#22 /Applications/MAMP/htdocs/weather/vendor/laravel/framework/src/Illuminate/Console/Command.php(198): Illuminate\Console\Command->run(Object(Symfony\Component\Console\Input\ArrayInput), Object(Illuminate\Console\OutputStyle))
#23 /Applications/MAMP/htdocs/weather/vendor/laravel/framework/src/Illuminate/Database/Console/Migrations/RefreshCommand.php(65): Illuminate\Console\Command->call('migrate', Array)
#24 [internal function]: Illuminate\Database\Console\Migrations\RefreshCommand->fire()
#25 /Applications/MAMP/htdocs/weather/vendor/laravel/framework/src/Illuminate/Container/BoundMethod.php(30): call_user_func_array(Array, Array)
#26 /Applications/MAMP/htdocs/weather/vendor/laravel/framework/src/Illuminate/Container/BoundMethod.php(87): Illuminate\Container\BoundMethod::Illuminate\Container\{closure}()
#27 /Applications/MAMP/htdocs/weather/vendor/laravel/framework/src/Illuminate/Container/BoundMethod.php(31): Illuminate\Container\BoundMethod::callBoundMethod(Object(Illuminate\Foundation\Application), Array, Object(Closure))
#28 /Applications/MAMP/htdocs/weather/vendor/laravel/framework/src/Illuminate/Container/Container.php(539): Illuminate\Container\BoundMethod::call(Object(Illuminate\Foundation\Application), Array, Array, NULL)
#29 /Applications/MAMP/htdocs/weather/vendor/laravel/framework/src/Illuminate/Console/Command.php(182): Illuminate\Container\Container->call(Array)
#30 /Applications/MAMP/htdocs/weather/vendor/symfony/console/Command/Command.php(262): Illuminate\Console\Command->execute(Object(Symfony\Component\Console\Input\ArgvInput), Object(Illuminate\Console\OutputStyle))
#31 /Applications/MAMP/htdocs/weather/vendor/laravel/framework/src/Illuminate/Console/Command.php(168): Symfony\Component\Console\Command\Command->run(Object(Symfony\Component\Console\Input\ArgvInput), Object(Illuminate\Console\OutputStyle))
#32 /Applications/MAMP/htdocs/weather/vendor/symfony/console/Application.php(888): Illuminate\Console\Command->run(Object(Symfony\Component\Console\Input\ArgvInput), Object(Symfony\Component\Console\Output\ConsoleOutput))
#33 /Applications/MAMP/htdocs/weather/vendor/symfony/console/Application.php(224): Symfony\Component\Console\Application->doRunCommand(Object(Illuminate\Database\Console\Migrations\RefreshCommand), Object(Symfony\Component\Console\Input\ArgvInput), Object(Symfony\Component\Console\Output\ConsoleOutput))
#34 /Applications/MAMP/htdocs/weather/vendor/symfony/console/Application.php(125): Symfony\Component\Console\Application->doRun(Object(Symfony\Component\Console\Input\ArgvInput), Object(Symfony\Component\Console\Output\ConsoleOutput))
#35 /Applications/MAMP/htdocs/weather/vendor/laravel/framework/src/Illuminate/Foundation/Console/Kernel.php(122): Symfony\Component\Console\Application->run(Object(Symfony\Component\Console\Input\ArgvInput), Object(Symfony\Component\Console\Output\ConsoleOutput))
#36 /Applications/MAMP/htdocs/weather/artisan(36): Illuminate\Foundation\Console\Kernel->handle(Object(Symfony\Component\Console\Input\ArgvInput), Object(Symfony\Component\Console\Output\ConsoleOutput))
#37 {main}  
[2017-10-12 18:20:38] local.ERROR: exception 'Symfony\Component\Console\Exception\CommandNotFoundException' with message 'Command "preset" is not defined.' in /Applications/MAMP/htdocs/weather/vendor/symfony/console/Application.php:596
Stack trace:
#0 /Applications/MAMP/htdocs/weather/vendor/symfony/console/Application.php(205): Symfony\Component\Console\Application->find('preset')
#1 /Applications/MAMP/htdocs/weather/vendor/symfony/console/Application.php(125): Symfony\Component\Console\Application->doRun(Object(Symfony\Component\Console\Input\ArgvInput), Object(Symfony\Component\Console\Output\ConsoleOutput))
#2 /Applications/MAMP/htdocs/weather/vendor/laravel/framework/src/Illuminate/Foundation/Console/Kernel.php(122): Symfony\Component\Console\Application->run(Object(Symfony\Component\Console\Input\ArgvInput), Object(Symfony\Component\Console\Output\ConsoleOutput))
#3 /Applications/MAMP/htdocs/weather/artisan(36): Illuminate\Foundation\Console\Kernel->handle(Object(Symfony\Component\Console\Input\ArgvInput), Object(Symfony\Component\Console\Output\ConsoleOutput))
#4 {main}  
[2017-10-12 21:16:42] local.ERROR: exception 'PDOException' with message 'SQLSTATE[42S01]: Base table or view already exists: 1050 Table 'weather' already exists' in /Applications/MAMP/htdocs/weather/vendor/laravel/framework/src/Illuminate/Database/Connection.php:449
Stack trace:
#0 /Applications/MAMP/htdocs/weather/vendor/laravel/framework/src/Illuminate/Database/Connection.php(449): PDOStatement->execute()
#1 /Applications/MAMP/htdocs/weather/vendor/laravel/framework/src/Illuminate/Database/Connection.php(640): Illuminate\Database\Connection->Illuminate\Database\{closure}('create table `w...', Array)
#2 /Applications/MAMP/htdocs/weather/vendor/laravel/framework/src/Illuminate/Database/Connection.php(607): Illuminate\Database\Connection->runQueryCallback('create table `w...', Array, Object(Closure))
#3 /Applications/MAMP/htdocs/weather/vendor/laravel/framework/src/Illuminate/Database/Connection.php(450): Illuminate\Database\Connection->run('create table `w...', Array, Object(Closure))
#4 /Applications/MAMP/htdocs/weather/vendor/laravel/framework/src/Illuminate/Database/Schema/Blueprint.php(86): Illuminate\Database\Connection->statement('create table `w...')
#5 /Applications/MAMP/htdocs/weather/vendor/laravel/framework/src/Illuminate/Database/Schema/Builder.php(239): Illuminate\Database\Schema\Blueprint->build(Object(Illuminate\Database\MySqlConnection), Object(Illuminate\Database\Schema\Grammars\MySqlGrammar))
#6 /Applications/MAMP/htdocs/weather/vendor/laravel/framework/src/Illuminate/Database/Schema/Builder.php(164): Illuminate\Database\Schema\Builder->build(Object(Illuminate\Database\Schema\Blueprint))
#7 /Applications/MAMP/htdocs/weather/vendor/laravel/framework/src/Illuminate/Support/Facades/Facade.php(221): Illuminate\Database\Schema\Builder->create('weather', Object(Closure))
#8 /Applications/MAMP/htdocs/weather/database/migrations/2017_10_12_122314_weater.php(23): Illuminate\Support\Facades\Facade::__callStatic('create', Array)
#9 /Applications/MAMP/htdocs/weather/database/migrations/2017_10_12_122314_weater.php(23): Illuminate\Support\Facades\Schema::create('weather', Object(Closure))
#10 /Applications/MAMP/htdocs/weather/vendor/laravel/framework/src/Illuminate/Database/Migrations/Migrator.php(359): Weater->up()
#11 /Applications/MAMP/htdocs/weather/vendor/laravel/framework/src/Illuminate/Database/Migrations/Migrator.php(365): Illuminate\Database\Migrations\Migrator->Illuminate\Database\Migrations\{closure}()
#12 /Applications/MAMP/htdocs/weather/vendor/laravel/framework/src/Illuminate/Database/Migrations/Migrator.php(177): Illuminate\Database\Migrations\Migrator->runMigration(Object(Weater), 'up')
#13 /Applications/MAMP/htdocs/weather/vendor/laravel/framework/src/Illuminate/Database/Migrations/Migrator.php(146): Illuminate\Database\Migrations\Migrator->runUp('/Applications/M...', 1, false)
#14 /Applications/MAMP/htdocs/weather/vendor/laravel/framework/src/Illuminate/Database/Migrations/Migrator.php(95): Illuminate\Database\Migrations\Migrator->runPending(Array, Array)
#15 /Applications/MAMP/htdocs/weather/vendor/laravel/framework/src/Illuminate/Database/Console/Migrations/MigrateCommand.php(70): Illuminate\Database\Migrations\Migrator->run(Array, Array)
#16 [internal function]: Illuminate\Database\Console\Migrations\MigrateCommand->fire()
#17 /Applications/MAMP/htdocs/weather/vendor/laravel/framework/src/Illuminate/Container/BoundMethod.php(30): call_user_func_array(Array, Array)
#18 /Applications/MAMP/htdocs/weather/vendor/laravel/framework/src/Illuminate/Container/BoundMethod.php(87): Illuminate\Container\BoundMethod::Illuminate\Container\{closure}()
#19 /Applications/MAMP/htdocs/weather/vendor/laravel/framework/src/Illuminate/Container/BoundMethod.php(31): Illuminate\Container\BoundMethod::callBoundMethod(Object(Illuminate\Foundation\Application), Array, Object(Closure))
#20 /Applications/MAMP/htdocs/weather/vendor/laravel/framework/src/Illuminate/Container/Container.php(539): Illuminate\Container\BoundMethod::call(Object(Illuminate\Foundation\Application), Array, Array, NULL)
#21 /Applications/MAMP/htdocs/weather/vendor/laravel/framework/src/Illuminate/Console/Command.php(182): Illuminate\Container\Container->call(Array)
#22 /Applications/MAMP/htdocs/weather/vendor/symfony/console/Command/Command.php(262): Illuminate\Console\Command->execute(Object(Symfony\Component\Console\Input\ArrayInput), Object(Illuminate\Console\OutputStyle))
#23 /Applications/MAMP/htdocs/weather/vendor/laravel/framework/src/Illuminate/Console/Command.php(168): Symfony\Component\Console\Command\Command->run(Object(Symfony\Component\Console\Input\ArrayInput), Object(Illuminate\Console\OutputStyle))
#24 /Applications/MAMP/htdocs/weather/vendor/laravel/framework/src/Illuminate/Console/Command.php(198): Illuminate\Console\Command->run(Object(Symfony\Component\Console\Input\ArrayInput), Object(Illuminate\Console\OutputStyle))
#25 /Applications/MAMP/htdocs/weather/vendor/laravel/framework/src/Illuminate/Database/Console/Migrations/RefreshCommand.php(65): Illuminate\Console\Command->call('migrate', Array)
#26 [internal function]: Illuminate\Database\Console\Migrations\RefreshCommand->fire()
#27 /Applications/MAMP/htdocs/weather/vendor/laravel/framework/src/Illuminate/Container/BoundMethod.php(30): call_user_func_array(Array, Array)
#28 /Applications/MAMP/htdocs/weather/vendor/laravel/framework/src/Illuminate/Container/BoundMethod.php(87): Illuminate\Container\BoundMethod::Illuminate\Container\{closure}()
#29 /Applications/MAMP/htdocs/weather/vendor/laravel/framework/src/Illuminate/Container/BoundMethod.php(31): Illuminate\Container\BoundMethod::callBoundMethod(Object(Illuminate\Foundation\Application), Array, Object(Closure))
#30 /Applications/MAMP/htdocs/weather/vendor/laravel/framework/src/Illuminate/Container/Container.php(539): Illuminate\Container\BoundMethod::call(Object(Illuminate\Foundation\Application), Array, Array, NULL)
#31 /Applications/MAMP/htdocs/weather/vendor/laravel/framework/src/Illuminate/Console/Command.php(182): Illuminate\Container\Container->call(Array)
#32 /Applications/MAMP/htdocs/weather/vendor/symfony/console/Command/Command.php(262): Illuminate\Console\Command->execute(Object(Symfony\Component\Console\Input\ArgvInput), Object(Illuminate\Console\OutputStyle))
#33 /Applications/MAMP/htdocs/weather/vendor/laravel/framework/src/Illuminate/Console/Command.php(168): Symfony\Component\Console\Command\Command->run(Object(Symfony\Component\Console\Input\ArgvInput), Object(Illuminate\Console\OutputStyle))
#34 /Applications/MAMP/htdocs/weather/vendor/symfony/console/Application.php(888): Illuminate\Console\Command->run(Object(Symfony\Component\Console\Input\ArgvInput), Object(Symfony\Component\Console\Output\ConsoleOutput))
#35 /Applications/MAMP/htdocs/weather/vendor/symfony/console/Application.php(224): Symfony\Component\Console\Application->doRunCommand(Object(Illuminate\Database\Console\Migrations\RefreshCommand), Object(Symfony\Component\Console\Input\ArgvInput), Object(Symfony\Component\Console\Output\ConsoleOutput))
#36 /Applications/MAMP/htdocs/weather/vendor/symfony/console/Application.php(125): Symfony\Component\Console\Application->doRun(Object(Symfony\Component\Console\Input\ArgvInput), Object(Symfony\Component\Console\Output\ConsoleOutput))
#37 /Applications/MAMP/htdocs/weather/vendor/laravel/framework/src/Illuminate/Foundation/Console/Kernel.php(122): Symfony\Component\Console\Application->run(Object(Symfony\Component\Console\Input\ArgvInput), Object(Symfony\Component\Console\Output\ConsoleOutput))
#38 /Applications/MAMP/htdocs/weather/artisan(36): Illuminate\Foundation\Console\Kernel->handle(Object(Symfony\Component\Console\Input\ArgvInput), Object(Symfony\Component\Console\Output\ConsoleOutput))
#39 {main}

Next exception 'Illuminate\Database\QueryException' with message 'SQLSTATE[42S01]: Base table or view already exists: 1050 Table 'weather' already exists (SQL: create table `weather` (`id` int unsigned not null auto_increment primary key, `city` varchar(255) not null, `weather` varchar(255) not null, `temperature` varchar(255) not null, `date_api` longtext not null, `created_at` timestamp null, `updated_at` timestamp null) default character set utf8mb4 collate utf8mb4_unicode_ci engine = InnoDB)' in /Applications/MAMP/htdocs/weather/vendor/laravel/framework/src/Illuminate/Database/Connection.php:647
Stack trace:
#0 /Applications/MAMP/htdocs/weather/vendor/laravel/framework/src/Illuminate/Database/Connection.php(607): Illuminate\Database\Connection->runQueryCallback('create table `w...', Array, Object(Closure))
#1 /Applications/MAMP/htdocs/weather/vendor/laravel/framework/src/Illuminate/Database/Connection.php(450): Illuminate\Database\Connection->run('create table `w...', Array, Object(Closure))
#2 /Applications/MAMP/htdocs/weather/vendor/laravel/framework/src/Illuminate/Database/Schema/Blueprint.php(86): Illuminate\Database\Connection->statement('create table `w...')
#3 /Applications/MAMP/htdocs/weather/vendor/laravel/framework/src/Illuminate/Database/Schema/Builder.php(239): Illuminate\Database\Schema\Blueprint->build(Object(Illuminate\Database\MySqlConnection), Object(Illuminate\Database\Schema\Grammars\MySqlGrammar))
#4 /Applications/MAMP/htdocs/weather/vendor/laravel/framework/src/Illuminate/Database/Schema/Builder.php(164): Illuminate\Database\Schema\Builder->build(Object(Illuminate\Database\Schema\Blueprint))
#5 /Applications/MAMP/htdocs/weather/vendor/laravel/framework/src/Illuminate/Support/Facades/Facade.php(221): Illuminate\Database\Schema\Builder->create('weather', Object(Closure))
#6 /Applications/MAMP/htdocs/weather/database/migrations/2017_10_12_122314_weater.php(23): Illuminate\Support\Facades\Facade::__callStatic('create', Array)
#7 /Applications/MAMP/htdocs/weather/database/migrations/2017_10_12_122314_weater.php(23): Illuminate\Support\Facades\Schema::create('weather', Object(Closure))
#8 /Applications/MAMP/htdocs/weather/vendor/laravel/framework/src/Illuminate/Database/Migrations/Migrator.php(359): Weater->up()
#9 /Applications/MAMP/htdocs/weather/vendor/laravel/framework/src/Illuminate/Database/Migrations/Migrator.php(365): Illuminate\Database\Migrations\Migrator->Illuminate\Database\Migrations\{closure}()
#10 /Applications/MAMP/htdocs/weather/vendor/laravel/framework/src/Illuminate/Database/Migrations/Migrator.php(177): Illuminate\Database\Migrations\Migrator->runMigration(Object(Weater), 'up')
#11 /Applications/MAMP/htdocs/weather/vendor/laravel/framework/src/Illuminate/Database/Migrations/Migrator.php(146): Illuminate\Database\Migrations\Migrator->runUp('/Applications/M...', 1, false)
#12 /Applications/MAMP/htdocs/weather/vendor/laravel/framework/src/Illuminate/Database/Migrations/Migrator.php(95): Illuminate\Database\Migrations\Migrator->runPending(Array, Array)
#13 /Applications/MAMP/htdocs/weather/vendor/laravel/framework/src/Illuminate/Database/Console/Migrations/MigrateCommand.php(70): Illuminate\Database\Migrations\Migrator->run(Array, Array)
#14 [internal function]: Illuminate\Database\Console\Migrations\MigrateCommand->fire()
#15 /Applications/MAMP/htdocs/weather/vendor/laravel/framework/src/Illuminate/Container/BoundMethod.php(30): call_user_func_array(Array, Array)
#16 /Applications/MAMP/htdocs/weather/vendor/laravel/framework/src/Illuminate/Container/BoundMethod.php(87): Illuminate\Container\BoundMethod::Illuminate\Container\{closure}()
#17 /Applications/MAMP/htdocs/weather/vendor/laravel/framework/src/Illuminate/Container/BoundMethod.php(31): Illuminate\Container\BoundMethod::callBoundMethod(Object(Illuminate\Foundation\Application), Array, Object(Closure))
#18 /Applications/MAMP/htdocs/weather/vendor/laravel/framework/src/Illuminate/Container/Container.php(539): Illuminate\Container\BoundMethod::call(Object(Illuminate\Foundation\Application), Array, Array, NULL)
#19 /Applications/MAMP/htdocs/weather/vendor/laravel/framework/src/Illuminate/Console/Command.php(182): Illuminate\Container\Container->call(Array)
#20 /Applications/MAMP/htdocs/weather/vendor/symfony/console/Command/Command.php(262): Illuminate\Console\Command->execute(Object(Symfony\Component\Console\Input\ArrayInput), Object(Illuminate\Console\OutputStyle))
#21 /Applications/MAMP/htdocs/weather/vendor/laravel/framework/src/Illuminate/Console/Command.php(168): Symfony\Component\Console\Command\Command->run(Object(Symfony\Component\Console\Input\ArrayInput), Object(Illuminate\Console\OutputStyle))
#22 /Applications/MAMP/htdocs/weather/vendor/laravel/framework/src/Illuminate/Console/Command.php(198): Illuminate\Console\Command->run(Object(Symfony\Component\Console\Input\ArrayInput), Object(Illuminate\Console\OutputStyle))
#23 /Applications/MAMP/htdocs/weather/vendor/laravel/framework/src/Illuminate/Database/Console/Migrations/RefreshCommand.php(65): Illuminate\Console\Command->call('migrate', Array)
#24 [internal function]: Illuminate\Database\Console\Migrations\RefreshCommand->fire()
#25 /Applications/MAMP/htdocs/weather/vendor/laravel/framework/src/Illuminate/Container/BoundMethod.php(30): call_user_func_array(Array, Array)
#26 /Applications/MAMP/htdocs/weather/vendor/laravel/framework/src/Illuminate/Container/BoundMethod.php(87): Illuminate\Container\BoundMethod::Illuminate\Container\{closure}()
#27 /Applications/MAMP/htdocs/weather/vendor/laravel/framework/src/Illuminate/Container/BoundMethod.php(31): Illuminate\Container\BoundMethod::callBoundMethod(Object(Illuminate\Foundation\Application), Array, Object(Closure))
#28 /Applications/MAMP/htdocs/weather/vendor/laravel/framework/src/Illuminate/Container/Container.php(539): Illuminate\Container\BoundMethod::call(Object(Illuminate\Foundation\Application), Array, Array, NULL)
#29 /Applications/MAMP/htdocs/weather/vendor/laravel/framework/src/Illuminate/Console/Command.php(182): Illuminate\Container\Container->call(Array)
#30 /Applications/MAMP/htdocs/weather/vendor/symfony/console/Command/Command.php(262): Illuminate\Console\Command->execute(Object(Symfony\Component\Console\Input\ArgvInput), Object(Illuminate\Console\OutputStyle))
#31 /Applications/MAMP/htdocs/weather/vendor/laravel/framework/src/Illuminate/Console/Command.php(168): Symfony\Component\Console\Command\Command->run(Object(Symfony\Component\Console\Input\ArgvInput), Object(Illuminate\Console\OutputStyle))
#32 /Applications/MAMP/htdocs/weather/vendor/symfony/console/Application.php(888): Illuminate\Console\Command->run(Object(Symfony\Component\Console\Input\ArgvInput), Object(Symfony\Component\Console\Output\ConsoleOutput))
#33 /Applications/MAMP/htdocs/weather/vendor/symfony/console/Application.php(224): Symfony\Component\Console\Application->doRunCommand(Object(Illuminate\Database\Console\Migrations\RefreshCommand), Object(Symfony\Component\Console\Input\ArgvInput), Object(Symfony\Component\Console\Output\ConsoleOutput))
#34 /Applications/MAMP/htdocs/weather/vendor/symfony/console/Application.php(125): Symfony\Component\Console\Application->doRun(Object(Symfony\Component\Console\Input\ArgvInput), Object(Symfony\Component\Console\Output\ConsoleOutput))
#35 /Applications/MAMP/htdocs/weather/vendor/laravel/framework/src/Illuminate/Foundation/Console/Kernel.php(122): Symfony\Component\Console\Application->run(Object(Symfony\Component\Console\Input\ArgvInput), Object(Symfony\Component\Console\Output\ConsoleOutput))
#36 /Applications/MAMP/htdocs/weather/artisan(36): Illuminate\Foundation\Console\Kernel->handle(Object(Symfony\Component\Console\Input\ArgvInput), Object(Symfony\Component\Console\Output\ConsoleOutput))
#37 {main}  
[2017-10-12 21:16:52] local.ERROR: exception 'PDOException' with message 'SQLSTATE[42S01]: Base table or view already exists: 1050 Table 'weather' already exists' in /Applications/MAMP/htdocs/weather/vendor/laravel/framework/src/Illuminate/Database/Connection.php:449
Stack trace:
#0 /Applications/MAMP/htdocs/weather/vendor/laravel/framework/src/Illuminate/Database/Connection.php(449): PDOStatement->execute()
#1 /Applications/MAMP/htdocs/weather/vendor/laravel/framework/src/Illuminate/Database/Connection.php(640): Illuminate\Database\Connection->Illuminate\Database\{closure}('create table `w...', Array)
#2 /Applications/MAMP/htdocs/weather/vendor/laravel/framework/src/Illuminate/Database/Connection.php(607): Illuminate\Database\Connection->runQueryCallback('create table `w...', Array, Object(Closure))
#3 /Applications/MAMP/htdocs/weather/vendor/laravel/framework/src/Illuminate/Database/Connection.php(450): Illuminate\Database\Connection->run('create table `w...', Array, Object(Closure))
#4 /Applications/MAMP/htdocs/weather/vendor/laravel/framework/src/Illuminate/Database/Schema/Blueprint.php(86): Illuminate\Database\Connection->statement('create table `w...')
#5 /Applications/MAMP/htdocs/weather/vendor/laravel/framework/src/Illuminate/Database/Schema/Builder.php(239): Illuminate\Database\Schema\Blueprint->build(Object(Illuminate\Database\MySqlConnection), Object(Illuminate\Database\Schema\Grammars\MySqlGrammar))
#6 /Applications/MAMP/htdocs/weather/vendor/laravel/framework/src/Illuminate/Database/Schema/Builder.php(164): Illuminate\Database\Schema\Builder->build(Object(Illuminate\Database\Schema\Blueprint))
#7 /Applications/MAMP/htdocs/weather/vendor/laravel/framework/src/Illuminate/Support/Facades/Facade.php(221): Illuminate\Database\Schema\Builder->create('weather', Object(Closure))
#8 /Applications/MAMP/htdocs/weather/database/migrations/2017_10_12_122314_weater.php(23): Illuminate\Support\Facades\Facade::__callStatic('create', Array)
#9 /Applications/MAMP/htdocs/weather/database/migrations/2017_10_12_122314_weater.php(23): Illuminate\Support\Facades\Schema::create('weather', Object(Closure))
#10 /Applications/MAMP/htdocs/weather/vendor/laravel/framework/src/Illuminate/Database/Migrations/Migrator.php(359): Weater->up()
#11 /Applications/MAMP/htdocs/weather/vendor/laravel/framework/src/Illuminate/Database/Migrations/Migrator.php(365): Illuminate\Database\Migrations\Migrator->Illuminate\Database\Migrations\{closure}()
#12 /Applications/MAMP/htdocs/weather/vendor/laravel/framework/src/Illuminate/Database/Migrations/Migrator.php(177): Illuminate\Database\Migrations\Migrator->runMigration(Object(Weater), 'up')
#13 /Applications/MAMP/htdocs/weather/vendor/laravel/framework/src/Illuminate/Database/Migrations/Migrator.php(146): Illuminate\Database\Migrations\Migrator->runUp('/Applications/M...', 1, false)
#14 /Applications/MAMP/htdocs/weather/vendor/laravel/framework/src/Illuminate/Database/Migrations/Migrator.php(95): Illuminate\Database\Migrations\Migrator->runPending(Array, Array)
#15 /Applications/MAMP/htdocs/weather/vendor/laravel/framework/src/Illuminate/Database/Console/Migrations/MigrateCommand.php(70): Illuminate\Database\Migrations\Migrator->run(Array, Array)
#16 [internal function]: Illuminate\Database\Console\Migrations\MigrateCommand->fire()
#17 /Applications/MAMP/htdocs/weather/vendor/laravel/framework/src/Illuminate/Container/BoundMethod.php(30): call_user_func_array(Array, Array)
#18 /Applications/MAMP/htdocs/weather/vendor/laravel/framework/src/Illuminate/Container/BoundMethod.php(87): Illuminate\Container\BoundMethod::Illuminate\Container\{closure}()
#19 /Applications/MAMP/htdocs/weather/vendor/laravel/framework/src/Illuminate/Container/BoundMethod.php(31): Illuminate\Container\BoundMethod::callBoundMethod(Object(Illuminate\Foundation\Application), Array, Object(Closure))
#20 /Applications/MAMP/htdocs/weather/vendor/laravel/framework/src/Illuminate/Container/Container.php(539): Illuminate\Container\BoundMethod::call(Object(Illuminate\Foundation\Application), Array, Array, NULL)
#21 /Applications/MAMP/htdocs/weather/vendor/laravel/framework/src/Illuminate/Console/Command.php(182): Illuminate\Container\Container->call(Array)
#22 /Applications/MAMP/htdocs/weather/vendor/symfony/console/Command/Command.php(262): Illuminate\Console\Command->execute(Object(Symfony\Component\Console\Input\ArgvInput), Object(Illuminate\Console\OutputStyle))
#23 /Applications/MAMP/htdocs/weather/vendor/laravel/framework/src/Illuminate/Console/Command.php(168): Symfony\Component\Console\Command\Command->run(Object(Symfony\Component\Console\Input\ArgvInput), Object(Illuminate\Console\OutputStyle))
#24 /Applications/MAMP/htdocs/weather/vendor/symfony/console/Application.php(888): Illuminate\Console\Command->run(Object(Symfony\Component\Console\Input\ArgvInput), Object(Symfony\Component\Console\Output\ConsoleOutput))
#25 /Applications/MAMP/htdocs/weather/vendor/symfony/console/Application.php(224): Symfony\Component\Console\Application->doRunCommand(Object(Illuminate\Database\Console\Migrations\MigrateCommand), Object(Symfony\Component\Console\Input\ArgvInput), Object(Symfony\Component\Console\Output\ConsoleOutput))
#26 /Applications/MAMP/htdocs/weather/vendor/symfony/console/Application.php(125): Symfony\Component\Console\Application->doRun(Object(Symfony\Component\Console\Input\ArgvInput), Object(Symfony\Component\Console\Output\ConsoleOutput))
#27 /Applications/MAMP/htdocs/weather/vendor/laravel/framework/src/Illuminate/Foundation/Console/Kernel.php(122): Symfony\Component\Console\Application->run(Object(Symfony\Component\Console\Input\ArgvInput), Object(Symfony\Component\Console\Output\ConsoleOutput))
#28 /Applications/MAMP/htdocs/weather/artisan(36): Illuminate\Foundation\Console\Kernel->handle(Object(Symfony\Component\Console\Input\ArgvInput), Object(Symfony\Component\Console\Output\ConsoleOutput))
#29 {main}

Next exception 'Illuminate\Database\QueryException' with message 'SQLSTATE[42S01]: Base table or view already exists: 1050 Table 'weather' already exists (SQL: create table `weather` (`id` int unsigned not null auto_increment primary key, `city` varchar(255) not null, `weather` varchar(255) not null, `temperature` varchar(255) not null, `date_api` longtext not null, `created_at` timestamp null, `updated_at` timestamp null) default character set utf8mb4 collate utf8mb4_unicode_ci engine = InnoDB)' in /Applications/MAMP/htdocs/weather/vendor/laravel/framework/src/Illuminate/Database/Connection.php:647
Stack trace:
#0 /Applications/MAMP/htdocs/weather/vendor/laravel/framework/src/Illuminate/Database/Connection.php(607): Illuminate\Database\Connection->runQueryCallback('create table `w...', Array, Object(Closure))
#1 /Applications/MAMP/htdocs/weather/vendor/laravel/framework/src/Illuminate/Database/Connection.php(450): Illuminate\Database\Connection->run('create table `w...', Array, Object(Closure))
#2 /Applications/MAMP/htdocs/weather/vendor/laravel/framework/src/Illuminate/Database/Schema/Blueprint.php(86): Illuminate\Database\Connection->statement('create table `w...')
#3 /Applications/MAMP/htdocs/weather/vendor/laravel/framework/src/Illuminate/Database/Schema/Builder.php(239): Illuminate\Database\Schema\Blueprint->build(Object(Illuminate\Database\MySqlConnection), Object(Illuminate\Database\Schema\Grammars\MySqlGrammar))
#4 /Applications/MAMP/htdocs/weather/vendor/laravel/framework/src/Illuminate/Database/Schema/Builder.php(164): Illuminate\Database\Schema\Builder->build(Object(Illuminate\Database\Schema\Blueprint))
#5 /Applications/MAMP/htdocs/weather/vendor/laravel/framework/src/Illuminate/Support/Facades/Facade.php(221): Illuminate\Database\Schema\Builder->create('weather', Object(Closure))
#6 /Applications/MAMP/htdocs/weather/database/migrations/2017_10_12_122314_weater.php(23): Illuminate\Support\Facades\Facade::__callStatic('create', Array)
#7 /Applications/MAMP/htdocs/weather/database/migrations/2017_10_12_122314_weater.php(23): Illuminate\Support\Facades\Schema::create('weather', Object(Closure))
#8 /Applications/MAMP/htdocs/weather/vendor/laravel/framework/src/Illuminate/Database/Migrations/Migrator.php(359): Weater->up()
#9 /Applications/MAMP/htdocs/weather/vendor/laravel/framework/src/Illuminate/Database/Migrations/Migrator.php(365): Illuminate\Database\Migrations\Migrator->Illuminate\Database\Migrations\{closure}()
#10 /Applications/MAMP/htdocs/weather/vendor/laravel/framework/src/Illuminate/Database/Migrations/Migrator.php(177): Illuminate\Database\Migrations\Migrator->runMigration(Object(Weater), 'up')
#11 /Applications/MAMP/htdocs/weather/vendor/laravel/framework/src/Illuminate/Database/Migrations/Migrator.php(146): Illuminate\Database\Migrations\Migrator->runUp('/Applications/M...', 1, false)
#12 /Applications/MAMP/htdocs/weather/vendor/laravel/framework/src/Illuminate/Database/Migrations/Migrator.php(95): Illuminate\Database\Migrations\Migrator->runPending(Array, Array)
#13 /Applications/MAMP/htdocs/weather/vendor/laravel/framework/src/Illuminate/Database/Console/Migrations/MigrateCommand.php(70): Illuminate\Database\Migrations\Migrator->run(Array, Array)
#14 [internal function]: Illuminate\Database\Console\Migrations\MigrateCommand->fire()
#15 /Applications/MAMP/htdocs/weather/vendor/laravel/framework/src/Illuminate/Container/BoundMethod.php(30): call_user_func_array(Array, Array)
#16 /Applications/MAMP/htdocs/weather/vendor/laravel/framework/src/Illuminate/Container/BoundMethod.php(87): Illuminate\Container\BoundMethod::Illuminate\Container\{closure}()
#17 /Applications/MAMP/htdocs/weather/vendor/laravel/framework/src/Illuminate/Container/BoundMethod.php(31): Illuminate\Container\BoundMethod::callBoundMethod(Object(Illuminate\Foundation\Application), Array, Object(Closure))
#18 /Applications/MAMP/htdocs/weather/vendor/laravel/framework/src/Illuminate/Container/Container.php(539): Illuminate\Container\BoundMethod::call(Object(Illuminate\Foundation\Application), Array, Array, NULL)
#19 /Applications/MAMP/htdocs/weather/vendor/laravel/framework/src/Illuminate/Console/Command.php(182): Illuminate\Container\Container->call(Array)
#20 /Applications/MAMP/htdocs/weather/vendor/symfony/console/Command/Command.php(262): Illuminate\Console\Command->execute(Object(Symfony\Component\Console\Input\ArgvInput), Object(Illuminate\Console\OutputStyle))
#21 /Applications/MAMP/htdocs/weather/vendor/laravel/framework/src/Illuminate/Console/Command.php(168): Symfony\Component\Console\Command\Command->run(Object(Symfony\Component\Console\Input\ArgvInput), Object(Illuminate\Console\OutputStyle))
#22 /Applications/MAMP/htdocs/weather/vendor/symfony/console/Application.php(888): Illuminate\Console\Command->run(Object(Symfony\Component\Console\Input\ArgvInput), Object(Symfony\Component\Console\Output\ConsoleOutput))
#23 /Applications/MAMP/htdocs/weather/vendor/symfony/console/Application.php(224): Symfony\Component\Console\Application->doRunCommand(Object(Illuminate\Database\Console\Migrations\MigrateCommand), Object(Symfony\Component\Console\Input\ArgvInput), Object(Symfony\Component\Console\Output\ConsoleOutput))
#24 /Applications/MAMP/htdocs/weather/vendor/symfony/console/Application.php(125): Symfony\Component\Console\Application->doRun(Object(Symfony\Component\Console\Input\ArgvInput), Object(Symfony\Component\Console\Output\ConsoleOutput))
#25 /Applications/MAMP/htdocs/weather/vendor/laravel/framework/src/Illuminate/Foundation/Console/Kernel.php(122): Symfony\Component\Console\Application->run(Object(Symfony\Component\Console\Input\ArgvInput), Object(Symfony\Component\Console\Output\ConsoleOutput))
#26 /Applications/MAMP/htdocs/weather/artisan(36): Illuminate\Foundation\Console\Kernel->handle(Object(Symfony\Component\Console\Input\ArgvInput), Object(Symfony\Component\Console\Output\ConsoleOutput))
#27 {main}  
[2017-10-12 21:17:45] local.ERROR: exception 'PDOException' with message 'SQLSTATE[42S01]: Base table or view already exists: 1050 Table 'weather' already exists' in /Applications/MAMP/htdocs/weather/vendor/laravel/framework/src/Illuminate/Database/Connection.php:449
Stack trace:
#0 /Applications/MAMP/htdocs/weather/vendor/laravel/framework/src/Illuminate/Database/Connection.php(449): PDOStatement->execute()
#1 /Applications/MAMP/htdocs/weather/vendor/laravel/framework/src/Illuminate/Database/Connection.php(640): Illuminate\Database\Connection->Illuminate\Database\{closure}('create table `w...', Array)
#2 /Applications/MAMP/htdocs/weather/vendor/laravel/framework/src/Illuminate/Database/Connection.php(607): Illuminate\Database\Connection->runQueryCallback('create table `w...', Array, Object(Closure))
#3 /Applications/MAMP/htdocs/weather/vendor/laravel/framework/src/Illuminate/Database/Connection.php(450): Illuminate\Database\Connection->run('create table `w...', Array, Object(Closure))
#4 /Applications/MAMP/htdocs/weather/vendor/laravel/framework/src/Illuminate/Database/Schema/Blueprint.php(86): Illuminate\Database\Connection->statement('create table `w...')
#5 /Applications/MAMP/htdocs/weather/vendor/laravel/framework/src/Illuminate/Database/Schema/Builder.php(239): Illuminate\Database\Schema\Blueprint->build(Object(Illuminate\Database\MySqlConnection), Object(Illuminate\Database\Schema\Grammars\MySqlGrammar))
#6 /Applications/MAMP/htdocs/weather/vendor/laravel/framework/src/Illuminate/Database/Schema/Builder.php(164): Illuminate\Database\Schema\Builder->build(Object(Illuminate\Database\Schema\Blueprint))
#7 /Applications/MAMP/htdocs/weather/vendor/laravel/framework/src/Illuminate/Support/Facades/Facade.php(221): Illuminate\Database\Schema\Builder->create('weather', Object(Closure))
#8 /Applications/MAMP/htdocs/weather/database/migrations/2017_10_12_122314_weater.php(23): Illuminate\Support\Facades\Facade::__callStatic('create', Array)
#9 /Applications/MAMP/htdocs/weather/database/migrations/2017_10_12_122314_weater.php(23): Illuminate\Support\Facades\Schema::create('weather', Object(Closure))
#10 /Applications/MAMP/htdocs/weather/vendor/laravel/framework/src/Illuminate/Database/Migrations/Migrator.php(359): Weater->up()
#11 /Applications/MAMP/htdocs/weather/vendor/laravel/framework/src/Illuminate/Database/Migrations/Migrator.php(365): Illuminate\Database\Migrations\Migrator->Illuminate\Database\Migrations\{closure}()
#12 /Applications/MAMP/htdocs/weather/vendor/laravel/framework/src/Illuminate/Database/Migrations/Migrator.php(177): Illuminate\Database\Migrations\Migrator->runMigration(Object(Weater), 'up')
#13 /Applications/MAMP/htdocs/weather/vendor/laravel/framework/src/Illuminate/Database/Migrations/Migrator.php(146): Illuminate\Database\Migrations\Migrator->runUp('/Applications/M...', 1, false)
#14 /Applications/MAMP/htdocs/weather/vendor/laravel/framework/src/Illuminate/Database/Migrations/Migrator.php(95): Illuminate\Database\Migrations\Migrator->runPending(Array, Array)
#15 /Applications/MAMP/htdocs/weather/vendor/laravel/framework/src/Illuminate/Database/Console/Migrations/MigrateCommand.php(70): Illuminate\Database\Migrations\Migrator->run(Array, Array)
#16 [internal function]: Illuminate\Database\Console\Migrations\MigrateCommand->fire()
#17 /Applications/MAMP/htdocs/weather/vendor/laravel/framework/src/Illuminate/Container/BoundMethod.php(30): call_user_func_array(Array, Array)
#18 /Applications/MAMP/htdocs/weather/vendor/laravel/framework/src/Illuminate/Container/BoundMethod.php(87): Illuminate\Container\BoundMethod::Illuminate\Container\{closure}()
#19 /Applications/MAMP/htdocs/weather/vendor/laravel/framework/src/Illuminate/Container/BoundMethod.php(31): Illuminate\Container\BoundMethod::callBoundMethod(Object(Illuminate\Foundation\Application), Array, Object(Closure))
#20 /Applications/MAMP/htdocs/weather/vendor/laravel/framework/src/Illuminate/Container/Container.php(539): Illuminate\Container\BoundMethod::call(Object(Illuminate\Foundation\Application), Array, Array, NULL)
#21 /Applications/MAMP/htdocs/weather/vendor/laravel/framework/src/Illuminate/Console/Command.php(182): Illuminate\Container\Container->call(Array)
#22 /Applications/MAMP/htdocs/weather/vendor/symfony/console/Command/Command.php(262): Illuminate\Console\Command->execute(Object(Symfony\Component\Console\Input\ArrayInput), Object(Illuminate\Console\OutputStyle))
#23 /Applications/MAMP/htdocs/weather/vendor/laravel/framework/src/Illuminate/Console/Command.php(168): Symfony\Component\Console\Command\Command->run(Object(Symfony\Component\Console\Input\ArrayInput), Object(Illuminate\Console\OutputStyle))
#24 /Applications/MAMP/htdocs/weather/vendor/laravel/framework/src/Illuminate/Console/Command.php(198): Illuminate\Console\Command->run(Object(Symfony\Component\Console\Input\ArrayInput), Object(Illuminate\Console\OutputStyle))
#25 /Applications/MAMP/htdocs/weather/vendor/laravel/framework/src/Illuminate/Database/Console/Migrations/RefreshCommand.php(65): Illuminate\Console\Command->call('migrate', Array)
#26 [internal function]: Illuminate\Database\Console\Migrations\RefreshCommand->fire()
#27 /Applications/MAMP/htdocs/weather/vendor/laravel/framework/src/Illuminate/Container/BoundMethod.php(30): call_user_func_array(Array, Array)
#28 /Applications/MAMP/htdocs/weather/vendor/laravel/framework/src/Illuminate/Container/BoundMethod.php(87): Illuminate\Container\BoundMethod::Illuminate\Container\{closure}()
#29 /Applications/MAMP/htdocs/weather/vendor/laravel/framework/src/Illuminate/Container/BoundMethod.php(31): Illuminate\Container\BoundMethod::callBoundMethod(Object(Illuminate\Foundation\Application), Array, Object(Closure))
#30 /Applications/MAMP/htdocs/weather/vendor/laravel/framework/src/Illuminate/Container/Container.php(539): Illuminate\Container\BoundMethod::call(Object(Illuminate\Foundation\Application), Array, Array, NULL)
#31 /Applications/MAMP/htdocs/weather/vendor/laravel/framework/src/Illuminate/Console/Command.php(182): Illuminate\Container\Container->call(Array)
#32 /Applications/MAMP/htdocs/weather/vendor/symfony/console/Command/Command.php(262): Illuminate\Console\Command->execute(Object(Symfony\Component\Console\Input\ArgvInput), Object(Illuminate\Console\OutputStyle))
#33 /Applications/MAMP/htdocs/weather/vendor/laravel/framework/src/Illuminate/Console/Command.php(168): Symfony\Component\Console\Command\Command->run(Object(Symfony\Component\Console\Input\ArgvInput), Object(Illuminate\Console\OutputStyle))
#34 /Applications/MAMP/htdocs/weather/vendor/symfony/console/Application.php(888): Illuminate\Console\Command->run(Object(Symfony\Component\Console\Input\ArgvInput), Object(Symfony\Component\Console\Output\ConsoleOutput))
#35 /Applications/MAMP/htdocs/weather/vendor/symfony/console/Application.php(224): Symfony\Component\Console\Application->doRunCommand(Object(Illuminate\Database\Console\Migrations\RefreshCommand), Object(Symfony\Component\Console\Input\ArgvInput), Object(Symfony\Component\Console\Output\ConsoleOutput))
#36 /Applications/MAMP/htdocs/weather/vendor/symfony/console/Application.php(125): Symfony\Component\Console\Application->doRun(Object(Symfony\Component\Console\Input\ArgvInput), Object(Symfony\Component\Console\Output\ConsoleOutput))
#37 /Applications/MAMP/htdocs/weather/vendor/laravel/framework/src/Illuminate/Foundation/Console/Kernel.php(122): Symfony\Component\Console\Application->run(Object(Symfony\Component\Console\Input\ArgvInput), Object(Symfony\Component\Console\Output\ConsoleOutput))
#38 /Applications/MAMP/htdocs/weather/artisan(36): Illuminate\Foundation\Console\Kernel->handle(Object(Symfony\Component\Console\Input\ArgvInput), Object(Symfony\Component\Console\Output\ConsoleOutput))
#39 {main}

Next exception 'Illuminate\Database\QueryException' with message 'SQLSTATE[42S01]: Base table or view already exists: 1050 Table 'weather' already exists (SQL: create table `weather` (`id` int unsigned not null auto_increment primary key, `city` varchar(255) not null, `weather` varchar(255) not null, `temperature` varchar(255) not null, `date_api` longtext not null, `created_at` timestamp null, `updated_at` timestamp null) default character set utf8mb4 collate utf8mb4_unicode_ci engine = InnoDB)' in /Applications/MAMP/htdocs/weather/vendor/laravel/framework/src/Illuminate/Database/Connection.php:647
Stack trace:
#0 /Applications/MAMP/htdocs/weather/vendor/laravel/framework/src/Illuminate/Database/Connection.php(607): Illuminate\Database\Connection->runQueryCallback('create table `w...', Array, Object(Closure))
#1 /Applications/MAMP/htdocs/weather/vendor/laravel/framework/src/Illuminate/Database/Connection.php(450): Illuminate\Database\Connection->run('create table `w...', Array, Object(Closure))
#2 /Applications/MAMP/htdocs/weather/vendor/laravel/framework/src/Illuminate/Database/Schema/Blueprint.php(86): Illuminate\Database\Connection->statement('create table `w...')
#3 /Applications/MAMP/htdocs/weather/vendor/laravel/framework/src/Illuminate/Database/Schema/Builder.php(239): Illuminate\Database\Schema\Blueprint->build(Object(Illuminate\Database\MySqlConnection), Object(Illuminate\Database\Schema\Grammars\MySqlGrammar))
#4 /Applications/MAMP/htdocs/weather/vendor/laravel/framework/src/Illuminate/Database/Schema/Builder.php(164): Illuminate\Database\Schema\Builder->build(Object(Illuminate\Database\Schema\Blueprint))
#5 /Applications/MAMP/htdocs/weather/vendor/laravel/framework/src/Illuminate/Support/Facades/Facade.php(221): Illuminate\Database\Schema\Builder->create('weather', Object(Closure))
#6 /Applications/MAMP/htdocs/weather/database/migrations/2017_10_12_122314_weater.php(23): Illuminate\Support\Facades\Facade::__callStatic('create', Array)
#7 /Applications/MAMP/htdocs/weather/database/migrations/2017_10_12_122314_weater.php(23): Illuminate\Support\Facades\Schema::create('weather', Object(Closure))
#8 /Applications/MAMP/htdocs/weather/vendor/laravel/framework/src/Illuminate/Database/Migrations/Migrator.php(359): Weater->up()
#9 /Applications/MAMP/htdocs/weather/vendor/laravel/framework/src/Illuminate/Database/Migrations/Migrator.php(365): Illuminate\Database\Migrations\Migrator->Illuminate\Database\Migrations\{closure}()
#10 /Applications/MAMP/htdocs/weather/vendor/laravel/framework/src/Illuminate/Database/Migrations/Migrator.php(177): Illuminate\Database\Migrations\Migrator->runMigration(Object(Weater), 'up')
#11 /Applications/MAMP/htdocs/weather/vendor/laravel/framework/src/Illuminate/Database/Migrations/Migrator.php(146): Illuminate\Database\Migrations\Migrator->runUp('/Applications/M...', 1, false)
#12 /Applications/MAMP/htdocs/weather/vendor/laravel/framework/src/Illuminate/Database/Migrations/Migrator.php(95): Illuminate\Database\Migrations\Migrator->runPending(Array, Array)
#13 /Applications/MAMP/htdocs/weather/vendor/laravel/framework/src/Illuminate/Database/Console/Migrations/MigrateCommand.php(70): Illuminate\Database\Migrations\Migrator->run(Array, Array)
#14 [internal function]: Illuminate\Database\Console\Migrations\MigrateCommand->fire()
#15 /Applications/MAMP/htdocs/weather/vendor/laravel/framework/src/Illuminate/Container/BoundMethod.php(30): call_user_func_array(Array, Array)
#16 /Applications/MAMP/htdocs/weather/vendor/laravel/framework/src/Illuminate/Container/BoundMethod.php(87): Illuminate\Container\BoundMethod::Illuminate\Container\{closure}()
#17 /Applications/MAMP/htdocs/weather/vendor/laravel/framework/src/Illuminate/Container/BoundMethod.php(31): Illuminate\Container\BoundMethod::callBoundMethod(Object(Illuminate\Foundation\Application), Array, Object(Closure))
#18 /Applications/MAMP/htdocs/weather/vendor/laravel/framework/src/Illuminate/Container/Container.php(539): Illuminate\Container\BoundMethod::call(Object(Illuminate\Foundation\Application), Array, Array, NULL)
#19 /Applications/MAMP/htdocs/weather/vendor/laravel/framework/src/Illuminate/Console/Command.php(182): Illuminate\Container\Container->call(Array)
#20 /Applications/MAMP/htdocs/weather/vendor/symfony/console/Command/Command.php(262): Illuminate\Console\Command->execute(Object(Symfony\Component\Console\Input\ArrayInput), Object(Illuminate\Console\OutputStyle))
#21 /Applications/MAMP/htdocs/weather/vendor/laravel/framework/src/Illuminate/Console/Command.php(168): Symfony\Component\Console\Command\Command->run(Object(Symfony\Component\Console\Input\ArrayInput), Object(Illuminate\Console\OutputStyle))
#22 /Applications/MAMP/htdocs/weather/vendor/laravel/framework/src/Illuminate/Console/Command.php(198): Illuminate\Console\Command->run(Object(Symfony\Component\Console\Input\ArrayInput), Object(Illuminate\Console\OutputStyle))
#23 /Applications/MAMP/htdocs/weather/vendor/laravel/framework/src/Illuminate/Database/Console/Migrations/RefreshCommand.php(65): Illuminate\Console\Command->call('migrate', Array)
#24 [internal function]: Illuminate\Database\Console\Migrations\RefreshCommand->fire()
#25 /Applications/MAMP/htdocs/weather/vendor/laravel/framework/src/Illuminate/Container/BoundMethod.php(30): call_user_func_array(Array, Array)
#26 /Applications/MAMP/htdocs/weather/vendor/laravel/framework/src/Illuminate/Container/BoundMethod.php(87): Illuminate\Container\BoundMethod::Illuminate\Container\{closure}()
#27 /Applications/MAMP/htdocs/weather/vendor/laravel/framework/src/Illuminate/Container/BoundMethod.php(31): Illuminate\Container\BoundMethod::callBoundMethod(Object(Illuminate\Foundation\Application), Array, Object(Closure))
#28 /Applications/MAMP/htdocs/weather/vendor/laravel/framework/src/Illuminate/Container/Container.php(539): Illuminate\Container\BoundMethod::call(Object(Illuminate\Foundation\Application), Array, Array, NULL)
#29 /Applications/MAMP/htdocs/weather/vendor/laravel/framework/src/Illuminate/Console/Command.php(182): Illuminate\Container\Container->call(Array)
#30 /Applications/MAMP/htdocs/weather/vendor/symfony/console/Command/Command.php(262): Illuminate\Console\Command->execute(Object(Symfony\Component\Console\Input\ArgvInput), Object(Illuminate\Console\OutputStyle))
#31 /Applications/MAMP/htdocs/weather/vendor/laravel/framework/src/Illuminate/Console/Command.php(168): Symfony\Component\Console\Command\Command->run(Object(Symfony\Component\Console\Input\ArgvInput), Object(Illuminate\Console\OutputStyle))
#32 /Applications/MAMP/htdocs/weather/vendor/symfony/console/Application.php(888): Illuminate\Console\Command->run(Object(Symfony\Component\Console\Input\ArgvInput), Object(Symfony\Component\Console\Output\ConsoleOutput))
#33 /Applications/MAMP/htdocs/weather/vendor/symfony/console/Application.php(224): Symfony\Component\Console\Application->doRunCommand(Object(Illuminate\Database\Console\Migrations\RefreshCommand), Object(Symfony\Component\Console\Input\ArgvInput), Object(Symfony\Component\Console\Output\ConsoleOutput))
#34 /Applications/MAMP/htdocs/weather/vendor/symfony/console/Application.php(125): Symfony\Component\Console\Application->doRun(Object(Symfony\Component\Console\Input\ArgvInput), Object(Symfony\Component\Console\Output\ConsoleOutput))
#35 /Applications/MAMP/htdocs/weather/vendor/laravel/framework/src/Illuminate/Foundation/Console/Kernel.php(122): Symfony\Component\Console\Application->run(Object(Symfony\Component\Console\Input\ArgvInput), Object(Symfony\Component\Console\Output\ConsoleOutput))
#36 /Applications/MAMP/htdocs/weather/artisan(36): Illuminate\Foundation\Console\Kernel->handle(Object(Symfony\Component\Console\Input\ArgvInput), Object(Symfony\Component\Console\Output\ConsoleOutput))
#37 {main}  
[2017-10-12 21:19:05] local.ERROR: exception 'PDOException' with message 'SQLSTATE[42S01]: Base table or view already exists: 1050 Table 'weather' already exists' in /Applications/MAMP/htdocs/weather/vendor/laravel/framework/src/Illuminate/Database/Connection.php:449
Stack trace:
#0 /Applications/MAMP/htdocs/weather/vendor/laravel/framework/src/Illuminate/Database/Connection.php(449): PDOStatement->execute()
#1 /Applications/MAMP/htdocs/weather/vendor/laravel/framework/src/Illuminate/Database/Connection.php(640): Illuminate\Database\Connection->Illuminate\Database\{closure}('create table `w...', Array)
#2 /Applications/MAMP/htdocs/weather/vendor/laravel/framework/src/Illuminate/Database/Connection.php(607): Illuminate\Database\Connection->runQueryCallback('create table `w...', Array, Object(Closure))
#3 /Applications/MAMP/htdocs/weather/vendor/laravel/framework/src/Illuminate/Database/Connection.php(450): Illuminate\Database\Connection->run('create table `w...', Array, Object(Closure))
#4 /Applications/MAMP/htdocs/weather/vendor/laravel/framework/src/Illuminate/Database/Schema/Blueprint.php(86): Illuminate\Database\Connection->statement('create table `w...')
#5 /Applications/MAMP/htdocs/weather/vendor/laravel/framework/src/Illuminate/Database/Schema/Builder.php(239): Illuminate\Database\Schema\Blueprint->build(Object(Illuminate\Database\MySqlConnection), Object(Illuminate\Database\Schema\Grammars\MySqlGrammar))
#6 /Applications/MAMP/htdocs/weather/vendor/laravel/framework/src/Illuminate/Database/Schema/Builder.php(164): Illuminate\Database\Schema\Builder->build(Object(Illuminate\Database\Schema\Blueprint))
#7 /Applications/MAMP/htdocs/weather/vendor/laravel/framework/src/Illuminate/Support/Facades/Facade.php(221): Illuminate\Database\Schema\Builder->create('weather', Object(Closure))
#8 /Applications/MAMP/htdocs/weather/database/migrations/2017_10_12_122314_weater.php(23): Illuminate\Support\Facades\Facade::__callStatic('create', Array)
#9 /Applications/MAMP/htdocs/weather/database/migrations/2017_10_12_122314_weater.php(23): Illuminate\Support\Facades\Schema::create('weather', Object(Closure))
#10 /Applications/MAMP/htdocs/weather/vendor/laravel/framework/src/Illuminate/Database/Migrations/Migrator.php(359): Weater->up()
#11 /Applications/MAMP/htdocs/weather/vendor/laravel/framework/src/Illuminate/Database/Migrations/Migrator.php(365): Illuminate\Database\Migrations\Migrator->Illuminate\Database\Migrations\{closure}()
#12 /Applications/MAMP/htdocs/weather/vendor/laravel/framework/src/Illuminate/Database/Migrations/Migrator.php(177): Illuminate\Database\Migrations\Migrator->runMigration(Object(Weater), 'up')
#13 /Applications/MAMP/htdocs/weather/vendor/laravel/framework/src/Illuminate/Database/Migrations/Migrator.php(146): Illuminate\Database\Migrations\Migrator->runUp('/Applications/M...', 1, false)
#14 /Applications/MAMP/htdocs/weather/vendor/laravel/framework/src/Illuminate/Database/Migrations/Migrator.php(95): Illuminate\Database\Migrations\Migrator->runPending(Array, Array)
#15 /Applications/MAMP/htdocs/weather/vendor/laravel/framework/src/Illuminate/Database/Console/Migrations/MigrateCommand.php(70): Illuminate\Database\Migrations\Migrator->run(Array, Array)
#16 [internal function]: Illuminate\Database\Console\Migrations\MigrateCommand->fire()
#17 /Applications/MAMP/htdocs/weather/vendor/laravel/framework/src/Illuminate/Container/BoundMethod.php(30): call_user_func_array(Array, Array)
#18 /Applications/MAMP/htdocs/weather/vendor/laravel/framework/src/Illuminate/Container/BoundMethod.php(87): Illuminate\Container\BoundMethod::Illuminate\Container\{closure}()
#19 /Applications/MAMP/htdocs/weather/vendor/laravel/framework/src/Illuminate/Container/BoundMethod.php(31): Illuminate\Container\BoundMethod::callBoundMethod(Object(Illuminate\Foundation\Application), Array, Object(Closure))
#20 /Applications/MAMP/htdocs/weather/vendor/laravel/framework/src/Illuminate/Container/Container.php(539): Illuminate\Container\BoundMethod::call(Object(Illuminate\Foundation\Application), Array, Array, NULL)
#21 /Applications/MAMP/htdocs/weather/vendor/laravel/framework/src/Illuminate/Console/Command.php(182): Illuminate\Container\Container->call(Array)
#22 /Applications/MAMP/htdocs/weather/vendor/symfony/console/Command/Command.php(262): Illuminate\Console\Command->execute(Object(Symfony\Component\Console\Input\ArrayInput), Object(Illuminate\Console\OutputStyle))
#23 /Applications/MAMP/htdocs/weather/vendor/laravel/framework/src/Illuminate/Console/Command.php(168): Symfony\Component\Console\Command\Command->run(Object(Symfony\Component\Console\Input\ArrayInput), Object(Illuminate\Console\OutputStyle))
#24 /Applications/MAMP/htdocs/weather/vendor/laravel/framework/src/Illuminate/Console/Command.php(198): Illuminate\Console\Command->run(Object(Symfony\Component\Console\Input\ArrayInput), Object(Illuminate\Console\OutputStyle))
#25 /Applications/MAMP/htdocs/weather/vendor/laravel/framework/src/Illuminate/Database/Console/Migrations/RefreshCommand.php(65): Illuminate\Console\Command->call('migrate', Array)
#26 [internal function]: Illuminate\Database\Console\Migrations\RefreshCommand->fire()
#27 /Applications/MAMP/htdocs/weather/vendor/laravel/framework/src/Illuminate/Container/BoundMethod.php(30): call_user_func_array(Array, Array)
#28 /Applications/MAMP/htdocs/weather/vendor/laravel/framework/src/Illuminate/Container/BoundMethod.php(87): Illuminate\Container\BoundMethod::Illuminate\Container\{closure}()
#29 /Applications/MAMP/htdocs/weather/vendor/laravel/framework/src/Illuminate/Container/BoundMethod.php(31): Illuminate\Container\BoundMethod::callBoundMethod(Object(Illuminate\Foundation\Application), Array, Object(Closure))
#30 /Applications/MAMP/htdocs/weather/vendor/laravel/framework/src/Illuminate/Container/Container.php(539): Illuminate\Container\BoundMethod::call(Object(Illuminate\Foundation\Application), Array, Array, NULL)
#31 /Applications/MAMP/htdocs/weather/vendor/laravel/framework/src/Illuminate/Console/Command.php(182): Illuminate\Container\Container->call(Array)
#32 /Applications/MAMP/htdocs/weather/vendor/symfony/console/Command/Command.php(262): Illuminate\Console\Command->execute(Object(Symfony\Component\Console\Input\ArgvInput), Object(Illuminate\Console\OutputStyle))
#33 /Applications/MAMP/htdocs/weather/vendor/laravel/framework/src/Illuminate/Console/Command.php(168): Symfony\Component\Console\Command\Command->run(Object(Symfony\Component\Console\Input\ArgvInput), Object(Illuminate\Console\OutputStyle))
#34 /Applications/MAMP/htdocs/weather/vendor/symfony/console/Application.php(888): Illuminate\Console\Command->run(Object(Symfony\Component\Console\Input\ArgvInput), Object(Symfony\Component\Console\Output\ConsoleOutput))
#35 /Applications/MAMP/htdocs/weather/vendor/symfony/console/Application.php(224): Symfony\Component\Console\Application->doRunCommand(Object(Illuminate\Database\Console\Migrations\RefreshCommand), Object(Symfony\Component\Console\Input\ArgvInput), Object(Symfony\Component\Console\Output\ConsoleOutput))
#36 /Applications/MAMP/htdocs/weather/vendor/symfony/console/Application.php(125): Symfony\Component\Console\Application->doRun(Object(Symfony\Component\Console\Input\ArgvInput), Object(Symfony\Component\Console\Output\ConsoleOutput))
#37 /Applications/MAMP/htdocs/weather/vendor/laravel/framework/src/Illuminate/Foundation/Console/Kernel.php(122): Symfony\Component\Console\Application->run(Object(Symfony\Component\Console\Input\ArgvInput), Object(Symfony\Component\Console\Output\ConsoleOutput))
#38 /Applications/MAMP/htdocs/weather/artisan(36): Illuminate\Foundation\Console\Kernel->handle(Object(Symfony\Component\Console\Input\ArgvInput), Object(Symfony\Component\Console\Output\ConsoleOutput))
#39 {main}

Next exception 'Illuminate\Database\QueryException' with message 'SQLSTATE[42S01]: Base table or view already exists: 1050 Table 'weather' already exists (SQL: create table `weather` (`id` int unsigned not null auto_increment primary key, `city_id` int not null, `weather` varchar(255) not null, `temperature` varchar(255) not null, `date_api` longtext not null, `created_at` timestamp null, `updated_at` timestamp null) default character set utf8mb4 collate utf8mb4_unicode_ci engine = InnoDB)' in /Applications/MAMP/htdocs/weather/vendor/laravel/framework/src/Illuminate/Database/Connection.php:647
Stack trace:
#0 /Applications/MAMP/htdocs/weather/vendor/laravel/framework/src/Illuminate/Database/Connection.php(607): Illuminate\Database\Connection->runQueryCallback('create table `w...', Array, Object(Closure))
#1 /Applications/MAMP/htdocs/weather/vendor/laravel/framework/src/Illuminate/Database/Connection.php(450): Illuminate\Database\Connection->run('create table `w...', Array, Object(Closure))
#2 /Applications/MAMP/htdocs/weather/vendor/laravel/framework/src/Illuminate/Database/Schema/Blueprint.php(86): Illuminate\Database\Connection->statement('create table `w...')
#3 /Applications/MAMP/htdocs/weather/vendor/laravel/framework/src/Illuminate/Database/Schema/Builder.php(239): Illuminate\Database\Schema\Blueprint->build(Object(Illuminate\Database\MySqlConnection), Object(Illuminate\Database\Schema\Grammars\MySqlGrammar))
#4 /Applications/MAMP/htdocs/weather/vendor/laravel/framework/src/Illuminate/Database/Schema/Builder.php(164): Illuminate\Database\Schema\Builder->build(Object(Illuminate\Database\Schema\Blueprint))
#5 /Applications/MAMP/htdocs/weather/vendor/laravel/framework/src/Illuminate/Support/Facades/Facade.php(221): Illuminate\Database\Schema\Builder->create('weather', Object(Closure))
#6 /Applications/MAMP/htdocs/weather/database/migrations/2017_10_12_122314_weater.php(23): Illuminate\Support\Facades\Facade::__callStatic('create', Array)
#7 /Applications/MAMP/htdocs/weather/database/migrations/2017_10_12_122314_weater.php(23): Illuminate\Support\Facades\Schema::create('weather', Object(Closure))
#8 /Applications/MAMP/htdocs/weather/vendor/laravel/framework/src/Illuminate/Database/Migrations/Migrator.php(359): Weater->up()
#9 /Applications/MAMP/htdocs/weather/vendor/laravel/framework/src/Illuminate/Database/Migrations/Migrator.php(365): Illuminate\Database\Migrations\Migrator->Illuminate\Database\Migrations\{closure}()
#10 /Applications/MAMP/htdocs/weather/vendor/laravel/framework/src/Illuminate/Database/Migrations/Migrator.php(177): Illuminate\Database\Migrations\Migrator->runMigration(Object(Weater), 'up')
#11 /Applications/MAMP/htdocs/weather/vendor/laravel/framework/src/Illuminate/Database/Migrations/Migrator.php(146): Illuminate\Database\Migrations\Migrator->runUp('/Applications/M...', 1, false)
#12 /Applications/MAMP/htdocs/weather/vendor/laravel/framework/src/Illuminate/Database/Migrations/Migrator.php(95): Illuminate\Database\Migrations\Migrator->runPending(Array, Array)
#13 /Applications/MAMP/htdocs/weather/vendor/laravel/framework/src/Illuminate/Database/Console/Migrations/MigrateCommand.php(70): Illuminate\Database\Migrations\Migrator->run(Array, Array)
#14 [internal function]: Illuminate\Database\Console\Migrations\MigrateCommand->fire()
#15 /Applications/MAMP/htdocs/weather/vendor/laravel/framework/src/Illuminate/Container/BoundMethod.php(30): call_user_func_array(Array, Array)
#16 /Applications/MAMP/htdocs/weather/vendor/laravel/framework/src/Illuminate/Container/BoundMethod.php(87): Illuminate\Container\BoundMethod::Illuminate\Container\{closure}()
#17 /Applications/MAMP/htdocs/weather/vendor/laravel/framework/src/Illuminate/Container/BoundMethod.php(31): Illuminate\Container\BoundMethod::callBoundMethod(Object(Illuminate\Foundation\Application), Array, Object(Closure))
#18 /Applications/MAMP/htdocs/weather/vendor/laravel/framework/src/Illuminate/Container/Container.php(539): Illuminate\Container\BoundMethod::call(Object(Illuminate\Foundation\Application), Array, Array, NULL)
#19 /Applications/MAMP/htdocs/weather/vendor/laravel/framework/src/Illuminate/Console/Command.php(182): Illuminate\Container\Container->call(Array)
#20 /Applications/MAMP/htdocs/weather/vendor/symfony/console/Command/Command.php(262): Illuminate\Console\Command->execute(Object(Symfony\Component\Console\Input\ArrayInput), Object(Illuminate\Console\OutputStyle))
#21 /Applications/MAMP/htdocs/weather/vendor/laravel/framework/src/Illuminate/Console/Command.php(168): Symfony\Component\Console\Command\Command->run(Object(Symfony\Component\Console\Input\ArrayInput), Object(Illuminate\Console\OutputStyle))
#22 /Applications/MAMP/htdocs/weather/vendor/laravel/framework/src/Illuminate/Console/Command.php(198): Illuminate\Console\Command->run(Object(Symfony\Component\Console\Input\ArrayInput), Object(Illuminate\Console\OutputStyle))
#23 /Applications/MAMP/htdocs/weather/vendor/laravel/framework/src/Illuminate/Database/Console/Migrations/RefreshCommand.php(65): Illuminate\Console\Command->call('migrate', Array)
#24 [internal function]: Illuminate\Database\Console\Migrations\RefreshCommand->fire()
#25 /Applications/MAMP/htdocs/weather/vendor/laravel/framework/src/Illuminate/Container/BoundMethod.php(30): call_user_func_array(Array, Array)
#26 /Applications/MAMP/htdocs/weather/vendor/laravel/framework/src/Illuminate/Container/BoundMethod.php(87): Illuminate\Container\BoundMethod::Illuminate\Container\{closure}()
#27 /Applications/MAMP/htdocs/weather/vendor/laravel/framework/src/Illuminate/Container/BoundMethod.php(31): Illuminate\Container\BoundMethod::callBoundMethod(Object(Illuminate\Foundation\Application), Array, Object(Closure))
#28 /Applications/MAMP/htdocs/weather/vendor/laravel/framework/src/Illuminate/Container/Container.php(539): Illuminate\Container\BoundMethod::call(Object(Illuminate\Foundation\Application), Array, Array, NULL)
#29 /Applications/MAMP/htdocs/weather/vendor/laravel/framework/src/Illuminate/Console/Command.php(182): Illuminate\Container\Container->call(Array)
#30 /Applications/MAMP/htdocs/weather/vendor/symfony/console/Command/Command.php(262): Illuminate\Console\Command->execute(Object(Symfony\Component\Console\Input\ArgvInput), Object(Illuminate\Console\OutputStyle))
#31 /Applications/MAMP/htdocs/weather/vendor/laravel/framework/src/Illuminate/Console/Command.php(168): Symfony\Component\Console\Command\Command->run(Object(Symfony\Component\Console\Input\ArgvInput), Object(Illuminate\Console\OutputStyle))
#32 /Applications/MAMP/htdocs/weather/vendor/symfony/console/Application.php(888): Illuminate\Console\Command->run(Object(Symfony\Component\Console\Input\ArgvInput), Object(Symfony\Component\Console\Output\ConsoleOutput))
#33 /Applications/MAMP/htdocs/weather/vendor/symfony/console/Application.php(224): Symfony\Component\Console\Application->doRunCommand(Object(Illuminate\Database\Console\Migrations\RefreshCommand), Object(Symfony\Component\Console\Input\ArgvInput), Object(Symfony\Component\Console\Output\ConsoleOutput))
#34 /Applications/MAMP/htdocs/weather/vendor/symfony/console/Application.php(125): Symfony\Component\Console\Application->doRun(Object(Symfony\Component\Console\Input\ArgvInput), Object(Symfony\Component\Console\Output\ConsoleOutput))
#35 /Applications/MAMP/htdocs/weather/vendor/laravel/framework/src/Illuminate/Foundation/Console/Kernel.php(122): Symfony\Component\Console\Application->run(Object(Symfony\Component\Console\Input\ArgvInput), Object(Symfony\Component\Console\Output\ConsoleOutput))
#36 /Applications/MAMP/htdocs/weather/artisan(36): Illuminate\Foundation\Console\Kernel->handle(Object(Symfony\Component\Console\Input\ArgvInput), Object(Symfony\Component\Console\Output\ConsoleOutput))
#37 {main}  
